[0.251s] DEBUG:colcon:Command line arguments: ['/usr/bin/colcon', 'build']
[0.251s] DEBUG:colcon:Parsed command line arguments: Namespace(log_base=None, log_level=None, verb_name='build', build_base='build', install_base='install', merge_install=False, symlink_install=False, test_result_base=None, continue_on_error=False, executor='parallel', parallel_workers=8, event_handlers=None, ignore_user_meta=False, metas=['./colcon.meta'], base_paths=['.'], packages_ignore=None, packages_ignore_regex=None, paths=None, packages_up_to=None, packages_up_to_regex=None, packages_above=None, packages_above_and_dependencies=None, packages_above_depth=None, packages_select_by_dep=None, packages_skip_by_dep=None, packages_skip_up_to=None, packages_select_build_failed=False, packages_skip_build_finished=False, packages_select_test_failures=False, packages_skip_test_passed=False, packages_select=None, packages_skip=None, packages_select_regex=None, packages_skip_regex=None, packages_start=None, packages_end=None, allow_overriding=[], cmake_args=None, cmake_target=None, cmake_target_skip_unavailable=False, cmake_clean_cache=False, cmake_clean_first=False, cmake_force_configure=False, ament_cmake_args=None, catkin_cmake_args=None, catkin_skip_building_tests=False, mixin_files=None, mixin=None, verb_parser=<colcon_mixin.mixin.mixin_argument.MixinArgumentDecorator object at 0x754d2e373700>, verb_extension=<colcon_core.verb.build.BuildVerb object at 0x754d2e4c0610>, main=<bound method BuildVerb.main of <colcon_core.verb.build.BuildVerb object at 0x754d2e4c0610>>, mixin_verb=('build',))
[0.323s] Level 1:colcon.colcon_core.package_discovery:discover_packages(colcon_meta) check parameters
[0.324s] Level 1:colcon.colcon_core.package_discovery:discover_packages(recursive) check parameters
[0.324s] Level 1:colcon.colcon_core.package_discovery:discover_packages(ignore) check parameters
[0.324s] Level 1:colcon.colcon_core.package_discovery:discover_packages(path) check parameters
[0.324s] Level 1:colcon.colcon_core.package_discovery:discover_packages(colcon_meta) discover
[0.324s] Level 1:colcon.colcon_core.package_discovery:discover_packages(recursive) discover
[0.324s] INFO:colcon.colcon_core.package_discovery:Crawling recursively for packages in '/home/hiwi/devel_ana/carto_ws'
[0.324s] Level 1:colcon.colcon_core.package_identification:_identify(.) by extensions ['ignore', 'ignore_ament_install']
[0.325s] Level 1:colcon.colcon_core.package_identification:_identify(.) by extension 'ignore'
[0.325s] Level 1:colcon.colcon_core.package_identification:_identify(.) by extension 'ignore_ament_install'
[0.325s] Level 1:colcon.colcon_core.package_identification:_identify(.) by extensions ['colcon_pkg']
[0.325s] Level 1:colcon.colcon_core.package_identification:_identify(.) by extension 'colcon_pkg'
[0.325s] Level 1:colcon.colcon_core.package_identification:_identify(.) by extensions ['colcon_meta']
[0.325s] Level 1:colcon.colcon_core.package_identification:_identify(.) by extension 'colcon_meta'
[0.325s] Level 1:colcon.colcon_core.package_identification:_identify(.) by extensions ['ros']
[0.325s] Level 1:colcon.colcon_core.package_identification:_identify(.) by extension 'ros'
[0.356s] Level 1:colcon.colcon_core.package_identification:_identify(.) by extensions ['cmake', 'python']
[0.356s] Level 1:colcon.colcon_core.package_identification:_identify(.) by extension 'cmake'
[0.357s] Level 1:colcon.colcon_core.package_identification:_identify(.) by extension 'python'
[0.357s] Level 1:colcon.colcon_core.package_identification:_identify(.) by extensions ['python_setup_py']
[0.357s] Level 1:colcon.colcon_core.package_identification:_identify(.) by extension 'python_setup_py'
[0.357s] Level 1:colcon.colcon_core.package_identification:_identify(build) by extensions ['ignore', 'ignore_ament_install']
[0.357s] Level 1:colcon.colcon_core.package_identification:_identify(build) by extension 'ignore'
[0.357s] Level 1:colcon.colcon_core.package_identification:_identify(build) ignored
[0.358s] Level 1:colcon.colcon_core.package_identification:_identify(install) by extensions ['ignore', 'ignore_ament_install']
[0.358s] Level 1:colcon.colcon_core.package_identification:_identify(install) by extension 'ignore'
[0.358s] Level 1:colcon.colcon_core.package_identification:_identify(install) ignored
[0.358s] Level 1:colcon.colcon_core.package_identification:_identify(log) by extensions ['ignore', 'ignore_ament_install']
[0.358s] Level 1:colcon.colcon_core.package_identification:_identify(log) by extension 'ignore'
[0.358s] Level 1:colcon.colcon_core.package_identification:_identify(log) ignored
[0.359s] Level 1:colcon.colcon_core.package_identification:_identify(src) by extensions ['ignore', 'ignore_ament_install']
[0.359s] Level 1:colcon.colcon_core.package_identification:_identify(src) by extension 'ignore'
[0.359s] Level 1:colcon.colcon_core.package_identification:_identify(src) by extension 'ignore_ament_install'
[0.359s] Level 1:colcon.colcon_core.package_identification:_identify(src) by extensions ['colcon_pkg']
[0.359s] Level 1:colcon.colcon_core.package_identification:_identify(src) by extension 'colcon_pkg'
[0.359s] Level 1:colcon.colcon_core.package_identification:_identify(src) by extensions ['colcon_meta']
[0.359s] Level 1:colcon.colcon_core.package_identification:_identify(src) by extension 'colcon_meta'
[0.359s] Level 1:colcon.colcon_core.package_identification:_identify(src) by extensions ['ros']
[0.359s] Level 1:colcon.colcon_core.package_identification:_identify(src) by extension 'ros'
[0.360s] Level 1:colcon.colcon_core.package_identification:_identify(src) by extensions ['cmake', 'python']
[0.360s] Level 1:colcon.colcon_core.package_identification:_identify(src) by extension 'cmake'
[0.360s] Level 1:colcon.colcon_core.package_identification:_identify(src) by extension 'python'
[0.360s] Level 1:colcon.colcon_core.package_identification:_identify(src) by extensions ['python_setup_py']
[0.360s] Level 1:colcon.colcon_core.package_identification:_identify(src) by extension 'python_setup_py'
[0.360s] Level 1:colcon.colcon_core.package_identification:_identify(src/spot_cartographer) by extensions ['ignore', 'ignore_ament_install']
[0.360s] Level 1:colcon.colcon_core.package_identification:_identify(src/spot_cartographer) by extension 'ignore'
[0.361s] Level 1:colcon.colcon_core.package_identification:_identify(src/spot_cartographer) by extension 'ignore_ament_install'
[0.361s] Level 1:colcon.colcon_core.package_identification:_identify(src/spot_cartographer) by extensions ['colcon_pkg']
[0.361s] Level 1:colcon.colcon_core.package_identification:_identify(src/spot_cartographer) by extension 'colcon_pkg'
[0.361s] Level 1:colcon.colcon_core.package_identification:_identify(src/spot_cartographer) by extensions ['colcon_meta']
[0.361s] Level 1:colcon.colcon_core.package_identification:_identify(src/spot_cartographer) by extension 'colcon_meta'
[0.361s] Level 1:colcon.colcon_core.package_identification:_identify(src/spot_cartographer) by extensions ['ros']
[0.361s] Level 1:colcon.colcon_core.package_identification:_identify(src/spot_cartographer) by extension 'ros'
[0.366s] DEBUG:colcon.colcon_core.package_identification:Package 'src/spot_cartographer' with type 'ros.ament_cmake' and name 'spot_cartographer'
[0.366s] Level 1:colcon.colcon_core.package_discovery:discover_packages(recursive) using defaults
[0.366s] Level 1:colcon.colcon_core.package_discovery:discover_packages(ignore) discover
[0.366s] Level 1:colcon.colcon_core.package_discovery:discover_packages(ignore) using defaults
[0.366s] Level 1:colcon.colcon_core.package_discovery:discover_packages(path) discover
[0.366s] Level 1:colcon.colcon_core.package_discovery:discover_packages(path) using defaults
[0.410s] Level 1:colcon.colcon_core.package_discovery:discover_packages(prefix_path) check parameters
[0.410s] Level 1:colcon.colcon_core.package_discovery:discover_packages(prefix_path) discover
[0.418s] DEBUG:colcon.colcon_installed_package_information.package_discovery:Found 1 installed packages in /home/hiwi/devel_ana/carto_ws/install
[0.420s] DEBUG:colcon.colcon_installed_package_information.package_discovery:Found 17 installed packages in /home/hiwi/devel_ana/web_ws/install
[0.421s] DEBUG:colcon.colcon_installed_package_information.package_discovery:Found 4 installed packages in /home/hiwi/devel_ana/ros2_ws/install
[0.423s] DEBUG:colcon.colcon_installed_package_information.package_discovery:Found 45 installed packages in /home/hiwi/ws_moveit2/install
[0.426s] DEBUG:colcon.colcon_installed_package_information.package_discovery:Found 455 installed packages in /opt/ros/humble
[0.432s] Level 1:colcon.colcon_core.package_discovery:discover_packages(prefix_path) using defaults
[0.574s] Level 5:colcon.colcon_core.verb:set package 'spot_cartographer' build argument 'cmake_args' from command line to 'None'
[0.574s] Level 5:colcon.colcon_core.verb:set package 'spot_cartographer' build argument 'cmake_target' from command line to 'None'
[0.574s] Level 5:colcon.colcon_core.verb:set package 'spot_cartographer' build argument 'cmake_target_skip_unavailable' from command line to 'False'
[0.574s] Level 5:colcon.colcon_core.verb:set package 'spot_cartographer' build argument 'cmake_clean_cache' from command line to 'False'
[0.574s] Level 5:colcon.colcon_core.verb:set package 'spot_cartographer' build argument 'cmake_clean_first' from command line to 'False'
[0.574s] Level 5:colcon.colcon_core.verb:set package 'spot_cartographer' build argument 'cmake_force_configure' from command line to 'False'
[0.574s] Level 5:colcon.colcon_core.verb:set package 'spot_cartographer' build argument 'ament_cmake_args' from command line to 'None'
[0.574s] Level 5:colcon.colcon_core.verb:set package 'spot_cartographer' build argument 'catkin_cmake_args' from command line to 'None'
[0.574s] Level 5:colcon.colcon_core.verb:set package 'spot_cartographer' build argument 'catkin_skip_building_tests' from command line to 'False'
[0.574s] DEBUG:colcon.colcon_core.verb:Building package 'spot_cartographer' with the following arguments: {'ament_cmake_args': None, 'build_base': '/home/hiwi/devel_ana/carto_ws/build/spot_cartographer', 'catkin_cmake_args': None, 'catkin_skip_building_tests': False, 'cmake_args': None, 'cmake_clean_cache': False, 'cmake_clean_first': False, 'cmake_force_configure': False, 'cmake_target': None, 'cmake_target_skip_unavailable': False, 'install_base': '/home/hiwi/devel_ana/carto_ws/install/spot_cartographer', 'merge_install': False, 'path': '/home/hiwi/devel_ana/carto_ws/src/spot_cartographer', 'symlink_install': False, 'test_result_base': None}
[0.575s] INFO:colcon.colcon_core.executor:Executing jobs using 'parallel' executor
[0.577s] DEBUG:colcon.colcon_parallel_executor.executor.parallel:run_until_complete
[0.578s] INFO:colcon.colcon_ros.task.ament_cmake.build:Building ROS package in '/home/hiwi/devel_ana/carto_ws/src/spot_cartographer' with build type 'ament_cmake'
[0.578s] INFO:colcon.colcon_cmake.task.cmake.build:Building CMake package in '/home/hiwi/devel_ana/carto_ws/src/spot_cartographer'
[0.584s] INFO:colcon.colcon_core.plugin_system:Skipping extension 'colcon_core.shell.bat': Not used on non-Windows systems
[0.584s] INFO:colcon.colcon_core.shell:Skip shell extension 'powershell' for command environment: Not usable outside of PowerShell
[0.584s] DEBUG:colcon.colcon_core.shell:Skip shell extension 'dsv' for command environment
[0.611s] DEBUG:colcon.colcon_core.event_handler.log_command:Invoking command in '/home/hiwi/devel_ana/carto_ws/build/spot_cartographer': CMAKE_PREFIX_PATH=${CMAKE_PREFIX_PATH}:/home/hiwi/devel_ana/web_ws/install/webots_spot_teleop:/home/hiwi/devel_ana/web_ws/install/webots_spot:/home/hiwi/devel_ana/web_ws/install/webots_ros2:/home/hiwi/devel_ana/web_ws/install/webots_ros2_universal_robot:/home/hiwi/devel_ana/web_ws/install/webots_ros2_turtlebot:/home/hiwi/devel_ana/web_ws/install/webots_ros2_tiago:/home/hiwi/devel_ana/web_ws/install/webots_ros2_tests:/home/hiwi/devel_ana/web_ws/install/webots_ros2_tesla:/home/hiwi/devel_ana/web_ws/install/webots_ros2_mavic:/home/hiwi/devel_ana/web_ws/install/webots_ros2_husarion:/home/hiwi/devel_ana/web_ws/install/webots_ros2_epuck:/home/hiwi/devel_ana/web_ws/install/webots_ros2_crazyflie:/home/hiwi/devel_ana/web_ws/install/webots_ros2_importer:/home/hiwi/ws_moveit2/install/moveit_configs_utils:/home/hiwi/devel_ana/ros2_ws/install/talk_listen:/home/hiwi/devel_ana/ros2_ws/install/mqtt_test:/opt/ros/humble /usr/bin/cmake --build /home/hiwi/devel_ana/carto_ws/build/spot_cartographer -- -j8 -l8
[0.698s] DEBUG:colcon.colcon_core.event_handler.log_command:Invoked command in '/home/hiwi/devel_ana/carto_ws/build/spot_cartographer' returned '0': CMAKE_PREFIX_PATH=${CMAKE_PREFIX_PATH}:/home/hiwi/devel_ana/web_ws/install/webots_spot_teleop:/home/hiwi/devel_ana/web_ws/install/webots_spot:/home/hiwi/devel_ana/web_ws/install/webots_ros2:/home/hiwi/devel_ana/web_ws/install/webots_ros2_universal_robot:/home/hiwi/devel_ana/web_ws/install/webots_ros2_turtlebot:/home/hiwi/devel_ana/web_ws/install/webots_ros2_tiago:/home/hiwi/devel_ana/web_ws/install/webots_ros2_tests:/home/hiwi/devel_ana/web_ws/install/webots_ros2_tesla:/home/hiwi/devel_ana/web_ws/install/webots_ros2_mavic:/home/hiwi/devel_ana/web_ws/install/webots_ros2_husarion:/home/hiwi/devel_ana/web_ws/install/webots_ros2_epuck:/home/hiwi/devel_ana/web_ws/install/webots_ros2_crazyflie:/home/hiwi/devel_ana/web_ws/install/webots_ros2_importer:/home/hiwi/ws_moveit2/install/moveit_configs_utils:/home/hiwi/devel_ana/ros2_ws/install/talk_listen:/home/hiwi/devel_ana/ros2_ws/install/mqtt_test:/opt/ros/humble /usr/bin/cmake --build /home/hiwi/devel_ana/carto_ws/build/spot_cartographer -- -j8 -l8
[0.722s] DEBUG:colcon.colcon_core.event_handler.log_command:Invoking command in '/home/hiwi/devel_ana/carto_ws/build/spot_cartographer': CMAKE_PREFIX_PATH=${CMAKE_PREFIX_PATH}:/home/hiwi/devel_ana/web_ws/install/webots_spot_teleop:/home/hiwi/devel_ana/web_ws/install/webots_spot:/home/hiwi/devel_ana/web_ws/install/webots_ros2:/home/hiwi/devel_ana/web_ws/install/webots_ros2_universal_robot:/home/hiwi/devel_ana/web_ws/install/webots_ros2_turtlebot:/home/hiwi/devel_ana/web_ws/install/webots_ros2_tiago:/home/hiwi/devel_ana/web_ws/install/webots_ros2_tests:/home/hiwi/devel_ana/web_ws/install/webots_ros2_tesla:/home/hiwi/devel_ana/web_ws/install/webots_ros2_mavic:/home/hiwi/devel_ana/web_ws/install/webots_ros2_husarion:/home/hiwi/devel_ana/web_ws/install/webots_ros2_epuck:/home/hiwi/devel_ana/web_ws/install/webots_ros2_crazyflie:/home/hiwi/devel_ana/web_ws/install/webots_ros2_importer:/home/hiwi/ws_moveit2/install/moveit_configs_utils:/home/hiwi/devel_ana/ros2_ws/install/talk_listen:/home/hiwi/devel_ana/ros2_ws/install/mqtt_test:/opt/ros/humble /usr/bin/cmake --install /home/hiwi/devel_ana/carto_ws/build/spot_cartographer
[0.744s] Level 1:colcon.colcon_core.environment:create_environment_scripts_only(spot_cartographer)
[0.746s] DEBUG:colcon.colcon_core.event_handler.log_command:Invoked command in '/home/hiwi/devel_ana/carto_ws/build/spot_cartographer' returned '0': CMAKE_PREFIX_PATH=${CMAKE_PREFIX_PATH}:/home/hiwi/devel_ana/web_ws/install/webots_spot_teleop:/home/hiwi/devel_ana/web_ws/install/webots_spot:/home/hiwi/devel_ana/web_ws/install/webots_ros2:/home/hiwi/devel_ana/web_ws/install/webots_ros2_universal_robot:/home/hiwi/devel_ana/web_ws/install/webots_ros2_turtlebot:/home/hiwi/devel_ana/web_ws/install/webots_ros2_tiago:/home/hiwi/devel_ana/web_ws/install/webots_ros2_tests:/home/hiwi/devel_ana/web_ws/install/webots_ros2_tesla:/home/hiwi/devel_ana/web_ws/install/webots_ros2_mavic:/home/hiwi/devel_ana/web_ws/install/webots_ros2_husarion:/home/hiwi/devel_ana/web_ws/install/webots_ros2_epuck:/home/hiwi/devel_ana/web_ws/install/webots_ros2_crazyflie:/home/hiwi/devel_ana/web_ws/install/webots_ros2_importer:/home/hiwi/ws_moveit2/install/moveit_configs_utils:/home/hiwi/devel_ana/ros2_ws/install/talk_listen:/home/hiwi/devel_ana/ros2_ws/install/mqtt_test:/opt/ros/humble /usr/bin/cmake --install /home/hiwi/devel_ana/carto_ws/build/spot_cartographer
[0.752s] Level 1:colcon.colcon_core.environment:checking '/home/hiwi/devel_ana/carto_ws/install/spot_cartographer' for CMake module files
[0.753s] Level 1:colcon.colcon_core.environment:checking '/home/hiwi/devel_ana/carto_ws/install/spot_cartographer' for CMake config files
[0.753s] Level 1:colcon.colcon_core.shell:create_environment_hook('spot_cartographer', 'cmake_prefix_path')
[0.754s] INFO:colcon.colcon_core.shell:Creating environment hook '/home/hiwi/devel_ana/carto_ws/install/spot_cartographer/share/spot_cartographer/hook/cmake_prefix_path.ps1'
[0.755s] INFO:colcon.colcon_core.shell:Creating environment descriptor '/home/hiwi/devel_ana/carto_ws/install/spot_cartographer/share/spot_cartographer/hook/cmake_prefix_path.dsv'
[0.757s] INFO:colcon.colcon_core.shell:Creating environment hook '/home/hiwi/devel_ana/carto_ws/install/spot_cartographer/share/spot_cartographer/hook/cmake_prefix_path.sh'
[0.759s] Level 1:colcon.colcon_core.environment:checking '/home/hiwi/devel_ana/carto_ws/install/spot_cartographer/bin'
[0.759s] Level 1:colcon.colcon_core.environment:checking '/home/hiwi/devel_ana/carto_ws/install/spot_cartographer/lib/pkgconfig/spot_cartographer.pc'
[0.759s] Level 1:colcon.colcon_core.environment:checking '/home/hiwi/devel_ana/carto_ws/install/spot_cartographer/lib/python3.10/site-packages'
[0.760s] Level 1:colcon.colcon_core.environment:checking '/home/hiwi/devel_ana/carto_ws/install/spot_cartographer/bin'
[0.761s] INFO:colcon.colcon_core.shell:Creating package script '/home/hiwi/devel_ana/carto_ws/install/spot_cartographer/share/spot_cartographer/package.ps1'
[0.763s] INFO:colcon.colcon_core.shell:Creating package descriptor '/home/hiwi/devel_ana/carto_ws/install/spot_cartographer/share/spot_cartographer/package.dsv'
[0.764s] INFO:colcon.colcon_core.shell:Creating package script '/home/hiwi/devel_ana/carto_ws/install/spot_cartographer/share/spot_cartographer/package.sh'
[0.765s] INFO:colcon.colcon_core.shell:Creating package script '/home/hiwi/devel_ana/carto_ws/install/spot_cartographer/share/spot_cartographer/package.bash'
[0.767s] INFO:colcon.colcon_core.shell:Creating package script '/home/hiwi/devel_ana/carto_ws/install/spot_cartographer/share/spot_cartographer/package.zsh'
[0.768s] Level 1:colcon.colcon_core.environment:create_file_with_runtime_dependencies(/home/hiwi/devel_ana/carto_ws/install/spot_cartographer/share/colcon-core/packages/spot_cartographer)
[0.769s] Level 1:colcon.colcon_core.environment:create_environment_scripts_only(spot_cartographer)
[0.770s] Level 1:colcon.colcon_core.environment:checking '/home/hiwi/devel_ana/carto_ws/install/spot_cartographer' for CMake module files
[0.770s] Level 1:colcon.colcon_core.environment:checking '/home/hiwi/devel_ana/carto_ws/install/spot_cartographer' for CMake config files
[0.771s] Level 1:colcon.colcon_core.shell:create_environment_hook('spot_cartographer', 'cmake_prefix_path')
[0.772s] INFO:colcon.colcon_core.shell:Creating environment hook '/home/hiwi/devel_ana/carto_ws/install/spot_cartographer/share/spot_cartographer/hook/cmake_prefix_path.ps1'
[0.772s] INFO:colcon.colcon_core.shell:Creating environment descriptor '/home/hiwi/devel_ana/carto_ws/install/spot_cartographer/share/spot_cartographer/hook/cmake_prefix_path.dsv'
[0.773s] INFO:colcon.colcon_core.shell:Creating environment hook '/home/hiwi/devel_ana/carto_ws/install/spot_cartographer/share/spot_cartographer/hook/cmake_prefix_path.sh'
[0.774s] Level 1:colcon.colcon_core.environment:checking '/home/hiwi/devel_ana/carto_ws/install/spot_cartographer/bin'
[0.774s] Level 1:colcon.colcon_core.environment:checking '/home/hiwi/devel_ana/carto_ws/install/spot_cartographer/lib/pkgconfig/spot_cartographer.pc'
[0.774s] Level 1:colcon.colcon_core.environment:checking '/home/hiwi/devel_ana/carto_ws/install/spot_cartographer/lib/python3.10/site-packages'
[0.775s] Level 1:colcon.colcon_core.environment:checking '/home/hiwi/devel_ana/carto_ws/install/spot_cartographer/bin'
[0.775s] INFO:colcon.colcon_core.shell:Creating package script '/home/hiwi/devel_ana/carto_ws/install/spot_cartographer/share/spot_cartographer/package.ps1'
[0.776s] INFO:colcon.colcon_core.shell:Creating package descriptor '/home/hiwi/devel_ana/carto_ws/install/spot_cartographer/share/spot_cartographer/package.dsv'
[0.779s] INFO:colcon.colcon_core.shell:Creating package script '/home/hiwi/devel_ana/carto_ws/install/spot_cartographer/share/spot_cartographer/package.sh'
[0.781s] INFO:colcon.colcon_core.shell:Creating package script '/home/hiwi/devel_ana/carto_ws/install/spot_cartographer/share/spot_cartographer/package.bash'
[0.782s] INFO:colcon.colcon_core.shell:Creating package script '/home/hiwi/devel_ana/carto_ws/install/spot_cartographer/share/spot_cartographer/package.zsh'
[0.784s] Level 1:colcon.colcon_core.environment:create_file_with_runtime_dependencies(/home/hiwi/devel_ana/carto_ws/install/spot_cartographer/share/colcon-core/packages/spot_cartographer)
[0.785s] DEBUG:colcon.colcon_parallel_executor.executor.parallel:closing loop
[0.786s] DEBUG:colcon.colcon_parallel_executor.executor.parallel:loop closed
[0.786s] DEBUG:colcon.colcon_parallel_executor.executor.parallel:run_until_complete finished with '0'
[0.786s] DEBUG:colcon.colcon_core.event_reactor:joining thread
[0.800s] INFO:colcon.colcon_core.plugin_system:Skipping extension 'colcon_notification.desktop_notification.terminal_notifier': Not used on non-Darwin systems
[0.800s] INFO:colcon.colcon_core.plugin_system:Skipping extension 'colcon_notification.desktop_notification.win32': Not used on non-Windows systems
[0.800s] INFO:colcon.colcon_notification.desktop_notification:Sending desktop notification using 'notify2'
[0.822s] DEBUG:colcon.colcon_core.event_reactor:joined thread
[0.823s] INFO:colcon.colcon_core.shell:Creating prefix script '/home/hiwi/devel_ana/carto_ws/install/local_setup.ps1'
[0.825s] INFO:colcon.colcon_core.shell:Creating prefix util module '/home/hiwi/devel_ana/carto_ws/install/_local_setup_util_ps1.py'
[0.828s] INFO:colcon.colcon_core.shell:Creating prefix chain script '/home/hiwi/devel_ana/carto_ws/install/setup.ps1'
[0.834s] INFO:colcon.colcon_core.shell:Creating prefix script '/home/hiwi/devel_ana/carto_ws/install/local_setup.sh'
[0.835s] INFO:colcon.colcon_core.shell:Creating prefix util module '/home/hiwi/devel_ana/carto_ws/install/_local_setup_util_sh.py'
[0.836s] INFO:colcon.colcon_core.shell:Creating prefix chain script '/home/hiwi/devel_ana/carto_ws/install/setup.sh'
[0.845s] INFO:colcon.colcon_core.shell:Creating prefix script '/home/hiwi/devel_ana/carto_ws/install/local_setup.bash'
[0.846s] INFO:colcon.colcon_core.shell:Creating prefix chain script '/home/hiwi/devel_ana/carto_ws/install/setup.bash'
[0.853s] INFO:colcon.colcon_core.shell:Creating prefix script '/home/hiwi/devel_ana/carto_ws/install/local_setup.zsh'
[0.854s] INFO:colcon.colcon_core.shell:Creating prefix chain script '/home/hiwi/devel_ana/carto_ws/install/setup.zsh'
