[0.423s] DEBUG:colcon:Command line arguments: ['/usr/bin/colcon', 'build']
[0.424s] DEBUG:colcon:Parsed command line arguments: Namespace(log_base=None, log_level=None, verb_name='build', build_base='build', install_base='install', merge_install=False, symlink_install=False, test_result_base=None, continue_on_error=False, executor='parallel', parallel_workers=8, event_handlers=None, ignore_user_meta=False, metas=['./colcon.meta'], base_paths=['.'], packages_ignore=None, packages_ignore_regex=None, paths=None, packages_up_to=None, packages_up_to_regex=None, packages_above=None, packages_above_and_dependencies=None, packages_above_depth=None, packages_select_by_dep=None, packages_skip_by_dep=None, packages_skip_up_to=None, packages_select_build_failed=False, packages_skip_build_finished=False, packages_select_test_failures=False, packages_skip_test_passed=False, packages_select=None, packages_skip=None, packages_select_regex=None, packages_skip_regex=None, packages_start=None, packages_end=None, allow_overriding=[], cmake_args=None, cmake_target=None, cmake_target_skip_unavailable=False, cmake_clean_cache=False, cmake_clean_first=False, cmake_force_configure=False, ament_cmake_args=None, catkin_cmake_args=None, catkin_skip_building_tests=False, mixin_files=None, mixin=None, verb_parser=<colcon_mixin.mixin.mixin_argument.MixinArgumentDecorator object at 0x7a99c2c8f6d0>, verb_extension=<colcon_core.verb.build.BuildVerb object at 0x7a99c2dd85e0>, main=<bound method BuildVerb.main of <colcon_core.verb.build.BuildVerb object at 0x7a99c2dd85e0>>, mixin_verb=('build',))
[0.564s] Level 1:colcon.colcon_core.package_discovery:discover_packages(colcon_meta) check parameters
[0.564s] Level 1:colcon.colcon_core.package_discovery:discover_packages(recursive) check parameters
[0.564s] Level 1:colcon.colcon_core.package_discovery:discover_packages(ignore) check parameters
[0.564s] Level 1:colcon.colcon_core.package_discovery:discover_packages(path) check parameters
[0.565s] Level 1:colcon.colcon_core.package_discovery:discover_packages(colcon_meta) discover
[0.565s] Level 1:colcon.colcon_core.package_discovery:discover_packages(recursive) discover
[0.565s] INFO:colcon.colcon_core.package_discovery:Crawling recursively for packages in '/home/hiwi/devel_ana/carto_ws'
[0.565s] Level 1:colcon.colcon_core.package_identification:_identify(.) by extensions ['ignore', 'ignore_ament_install']
[0.565s] Level 1:colcon.colcon_core.package_identification:_identify(.) by extension 'ignore'
[0.565s] Level 1:colcon.colcon_core.package_identification:_identify(.) by extension 'ignore_ament_install'
[0.566s] Level 1:colcon.colcon_core.package_identification:_identify(.) by extensions ['colcon_pkg']
[0.566s] Level 1:colcon.colcon_core.package_identification:_identify(.) by extension 'colcon_pkg'
[0.566s] Level 1:colcon.colcon_core.package_identification:_identify(.) by extensions ['colcon_meta']
[0.566s] Level 1:colcon.colcon_core.package_identification:_identify(.) by extension 'colcon_meta'
[0.566s] Level 1:colcon.colcon_core.package_identification:_identify(.) by extensions ['ros']
[0.566s] Level 1:colcon.colcon_core.package_identification:_identify(.) by extension 'ros'
[0.611s] Level 1:colcon.colcon_core.package_identification:_identify(.) by extensions ['cmake', 'python']
[0.611s] Level 1:colcon.colcon_core.package_identification:_identify(.) by extension 'cmake'
[0.611s] Level 1:colcon.colcon_core.package_identification:_identify(.) by extension 'python'
[0.611s] Level 1:colcon.colcon_core.package_identification:_identify(.) by extensions ['python_setup_py']
[0.611s] Level 1:colcon.colcon_core.package_identification:_identify(.) by extension 'python_setup_py'
[0.612s] Level 1:colcon.colcon_core.package_identification:_identify(build) by extensions ['ignore', 'ignore_ament_install']
[0.612s] Level 1:colcon.colcon_core.package_identification:_identify(build) by extension 'ignore'
[0.612s] Level 1:colcon.colcon_core.package_identification:_identify(build) ignored
[0.612s] Level 1:colcon.colcon_core.package_identification:_identify(install) by extensions ['ignore', 'ignore_ament_install']
[0.613s] Level 1:colcon.colcon_core.package_identification:_identify(install) by extension 'ignore'
[0.613s] Level 1:colcon.colcon_core.package_identification:_identify(install) ignored
[0.613s] Level 1:colcon.colcon_core.package_identification:_identify(log) by extensions ['ignore', 'ignore_ament_install']
[0.613s] Level 1:colcon.colcon_core.package_identification:_identify(log) by extension 'ignore'
[0.613s] Level 1:colcon.colcon_core.package_identification:_identify(log) ignored
[0.614s] Level 1:colcon.colcon_core.package_identification:_identify(src) by extensions ['ignore', 'ignore_ament_install']
[0.614s] Level 1:colcon.colcon_core.package_identification:_identify(src) by extension 'ignore'
[0.614s] Level 1:colcon.colcon_core.package_identification:_identify(src) by extension 'ignore_ament_install'
[0.614s] Level 1:colcon.colcon_core.package_identification:_identify(src) by extensions ['colcon_pkg']
[0.614s] Level 1:colcon.colcon_core.package_identification:_identify(src) by extension 'colcon_pkg'
[0.614s] Level 1:colcon.colcon_core.package_identification:_identify(src) by extensions ['colcon_meta']
[0.614s] Level 1:colcon.colcon_core.package_identification:_identify(src) by extension 'colcon_meta'
[0.614s] Level 1:colcon.colcon_core.package_identification:_identify(src) by extensions ['ros']
[0.614s] Level 1:colcon.colcon_core.package_identification:_identify(src) by extension 'ros'
[0.615s] Level 1:colcon.colcon_core.package_identification:_identify(src) by extensions ['cmake', 'python']
[0.615s] Level 1:colcon.colcon_core.package_identification:_identify(src) by extension 'cmake'
[0.615s] Level 1:colcon.colcon_core.package_identification:_identify(src) by extension 'python'
[0.615s] Level 1:colcon.colcon_core.package_identification:_identify(src) by extensions ['python_setup_py']
[0.615s] Level 1:colcon.colcon_core.package_identification:_identify(src) by extension 'python_setup_py'
[0.615s] Level 1:colcon.colcon_core.package_identification:_identify(src/spot_cartographer) by extensions ['ignore', 'ignore_ament_install']
[0.615s] Level 1:colcon.colcon_core.package_identification:_identify(src/spot_cartographer) by extension 'ignore'
[0.616s] Level 1:colcon.colcon_core.package_identification:_identify(src/spot_cartographer) by extension 'ignore_ament_install'
[0.616s] Level 1:colcon.colcon_core.package_identification:_identify(src/spot_cartographer) by extensions ['colcon_pkg']
[0.616s] Level 1:colcon.colcon_core.package_identification:_identify(src/spot_cartographer) by extension 'colcon_pkg'
[0.616s] Level 1:colcon.colcon_core.package_identification:_identify(src/spot_cartographer) by extensions ['colcon_meta']
[0.616s] Level 1:colcon.colcon_core.package_identification:_identify(src/spot_cartographer) by extension 'colcon_meta'
[0.616s] Level 1:colcon.colcon_core.package_identification:_identify(src/spot_cartographer) by extensions ['ros']
[0.616s] Level 1:colcon.colcon_core.package_identification:_identify(src/spot_cartographer) by extension 'ros'
[0.623s] DEBUG:colcon.colcon_core.package_identification:Package 'src/spot_cartographer' with type 'ros.ament_cmake' and name 'spot_cartographer'
[0.623s] Level 1:colcon.colcon_core.package_discovery:discover_packages(recursive) using defaults
[0.623s] Level 1:colcon.colcon_core.package_discovery:discover_packages(ignore) discover
[0.623s] Level 1:colcon.colcon_core.package_discovery:discover_packages(ignore) using defaults
[0.623s] Level 1:colcon.colcon_core.package_discovery:discover_packages(path) discover
[0.623s] Level 1:colcon.colcon_core.package_discovery:discover_packages(path) using defaults
[0.685s] Level 1:colcon.colcon_core.package_discovery:discover_packages(prefix_path) check parameters
[0.685s] Level 1:colcon.colcon_core.package_discovery:discover_packages(prefix_path) discover
[0.695s] DEBUG:colcon.colcon_installed_package_information.package_discovery:Found 1 installed packages in /home/hiwi/devel_ana/carto_ws/install
[0.697s] DEBUG:colcon.colcon_installed_package_information.package_discovery:Found 17 installed packages in /home/hiwi/devel_ana/web_ws/install
[0.698s] DEBUG:colcon.colcon_installed_package_information.package_discovery:Found 4 installed packages in /home/hiwi/devel_ana/ros2_ws/install
[0.702s] DEBUG:colcon.colcon_installed_package_information.package_discovery:Found 45 installed packages in /home/hiwi/ws_moveit2/install
[0.706s] DEBUG:colcon.colcon_installed_package_information.package_discovery:Found 455 installed packages in /opt/ros/humble
[0.714s] Level 1:colcon.colcon_core.package_discovery:discover_packages(prefix_path) using defaults
[0.923s] Level 5:colcon.colcon_core.verb:set package 'spot_cartographer' build argument 'cmake_args' from command line to 'None'
[0.923s] Level 5:colcon.colcon_core.verb:set package 'spot_cartographer' build argument 'cmake_target' from command line to 'None'
[0.923s] Level 5:colcon.colcon_core.verb:set package 'spot_cartographer' build argument 'cmake_target_skip_unavailable' from command line to 'False'
[0.923s] Level 5:colcon.colcon_core.verb:set package 'spot_cartographer' build argument 'cmake_clean_cache' from command line to 'False'
[0.923s] Level 5:colcon.colcon_core.verb:set package 'spot_cartographer' build argument 'cmake_clean_first' from command line to 'False'
[0.923s] Level 5:colcon.colcon_core.verb:set package 'spot_cartographer' build argument 'cmake_force_configure' from command line to 'False'
[0.923s] Level 5:colcon.colcon_core.verb:set package 'spot_cartographer' build argument 'ament_cmake_args' from command line to 'None'
[0.923s] Level 5:colcon.colcon_core.verb:set package 'spot_cartographer' build argument 'catkin_cmake_args' from command line to 'None'
[0.924s] Level 5:colcon.colcon_core.verb:set package 'spot_cartographer' build argument 'catkin_skip_building_tests' from command line to 'False'
[0.924s] DEBUG:colcon.colcon_core.verb:Building package 'spot_cartographer' with the following arguments: {'ament_cmake_args': None, 'build_base': '/home/hiwi/devel_ana/carto_ws/build/spot_cartographer', 'catkin_cmake_args': None, 'catkin_skip_building_tests': False, 'cmake_args': None, 'cmake_clean_cache': False, 'cmake_clean_first': False, 'cmake_force_configure': False, 'cmake_target': None, 'cmake_target_skip_unavailable': False, 'install_base': '/home/hiwi/devel_ana/carto_ws/install/spot_cartographer', 'merge_install': False, 'path': '/home/hiwi/devel_ana/carto_ws/src/spot_cartographer', 'symlink_install': False, 'test_result_base': None}
[0.924s] INFO:colcon.colcon_core.executor:Executing jobs using 'parallel' executor
[0.926s] DEBUG:colcon.colcon_parallel_executor.executor.parallel:run_until_complete
[0.927s] INFO:colcon.colcon_ros.task.ament_cmake.build:Building ROS package in '/home/hiwi/devel_ana/carto_ws/src/spot_cartographer' with build type 'ament_cmake'
[0.927s] INFO:colcon.colcon_cmake.task.cmake.build:Building CMake package in '/home/hiwi/devel_ana/carto_ws/src/spot_cartographer'
[0.941s] INFO:colcon.colcon_core.plugin_system:Skipping extension 'colcon_core.shell.bat': Not used on non-Windows systems
[0.942s] INFO:colcon.colcon_core.shell:Skip shell extension 'powershell' for command environment: Not usable outside of PowerShell
[0.942s] DEBUG:colcon.colcon_core.shell:Skip shell extension 'dsv' for command environment
[0.985s] DEBUG:colcon.colcon_core.event_handler.log_command:Invoking command in '/home/hiwi/devel_ana/carto_ws/build/spot_cartographer': CMAKE_PREFIX_PATH=${CMAKE_PREFIX_PATH}:/home/hiwi/devel_ana/web_ws/install/webots_spot_teleop:/home/hiwi/devel_ana/web_ws/install/webots_spot:/home/hiwi/devel_ana/web_ws/install/webots_ros2:/home/hiwi/devel_ana/web_ws/install/webots_ros2_universal_robot:/home/hiwi/devel_ana/web_ws/install/webots_ros2_turtlebot:/home/hiwi/devel_ana/web_ws/install/webots_ros2_tiago:/home/hiwi/devel_ana/web_ws/install/webots_ros2_tests:/home/hiwi/devel_ana/web_ws/install/webots_ros2_tesla:/home/hiwi/devel_ana/web_ws/install/webots_ros2_mavic:/home/hiwi/devel_ana/web_ws/install/webots_ros2_husarion:/home/hiwi/devel_ana/web_ws/install/webots_ros2_epuck:/home/hiwi/devel_ana/web_ws/install/webots_ros2_crazyflie:/home/hiwi/devel_ana/web_ws/install/webots_ros2_importer:/home/hiwi/ws_moveit2/install/moveit_configs_utils:/home/hiwi/devel_ana/ros2_ws/install/talk_listen:/home/hiwi/devel_ana/ros2_ws/install/mqtt_test:/opt/ros/humble /usr/bin/cmake --build /home/hiwi/devel_ana/carto_ws/build/spot_cartographer -- -j8 -l8
[1.136s] DEBUG:colcon.colcon_core.event_handler.log_command:Invoked command in '/home/hiwi/devel_ana/carto_ws/build/spot_cartographer' returned '0': CMAKE_PREFIX_PATH=${CMAKE_PREFIX_PATH}:/home/hiwi/devel_ana/web_ws/install/webots_spot_teleop:/home/hiwi/devel_ana/web_ws/install/webots_spot:/home/hiwi/devel_ana/web_ws/install/webots_ros2:/home/hiwi/devel_ana/web_ws/install/webots_ros2_universal_robot:/home/hiwi/devel_ana/web_ws/install/webots_ros2_turtlebot:/home/hiwi/devel_ana/web_ws/install/webots_ros2_tiago:/home/hiwi/devel_ana/web_ws/install/webots_ros2_tests:/home/hiwi/devel_ana/web_ws/install/webots_ros2_tesla:/home/hiwi/devel_ana/web_ws/install/webots_ros2_mavic:/home/hiwi/devel_ana/web_ws/install/webots_ros2_husarion:/home/hiwi/devel_ana/web_ws/install/webots_ros2_epuck:/home/hiwi/devel_ana/web_ws/install/webots_ros2_crazyflie:/home/hiwi/devel_ana/web_ws/install/webots_ros2_importer:/home/hiwi/ws_moveit2/install/moveit_configs_utils:/home/hiwi/devel_ana/ros2_ws/install/talk_listen:/home/hiwi/devel_ana/ros2_ws/install/mqtt_test:/opt/ros/humble /usr/bin/cmake --build /home/hiwi/devel_ana/carto_ws/build/spot_cartographer -- -j8 -l8
[1.169s] DEBUG:colcon.colcon_core.event_handler.log_command:Invoking command in '/home/hiwi/devel_ana/carto_ws/build/spot_cartographer': CMAKE_PREFIX_PATH=${CMAKE_PREFIX_PATH}:/home/hiwi/devel_ana/web_ws/install/webots_spot_teleop:/home/hiwi/devel_ana/web_ws/install/webots_spot:/home/hiwi/devel_ana/web_ws/install/webots_ros2:/home/hiwi/devel_ana/web_ws/install/webots_ros2_universal_robot:/home/hiwi/devel_ana/web_ws/install/webots_ros2_turtlebot:/home/hiwi/devel_ana/web_ws/install/webots_ros2_tiago:/home/hiwi/devel_ana/web_ws/install/webots_ros2_tests:/home/hiwi/devel_ana/web_ws/install/webots_ros2_tesla:/home/hiwi/devel_ana/web_ws/install/webots_ros2_mavic:/home/hiwi/devel_ana/web_ws/install/webots_ros2_husarion:/home/hiwi/devel_ana/web_ws/install/webots_ros2_epuck:/home/hiwi/devel_ana/web_ws/install/webots_ros2_crazyflie:/home/hiwi/devel_ana/web_ws/install/webots_ros2_importer:/home/hiwi/ws_moveit2/install/moveit_configs_utils:/home/hiwi/devel_ana/ros2_ws/install/talk_listen:/home/hiwi/devel_ana/ros2_ws/install/mqtt_test:/opt/ros/humble /usr/bin/cmake --install /home/hiwi/devel_ana/carto_ws/build/spot_cartographer
[1.212s] Level 1:colcon.colcon_core.environment:create_environment_scripts_only(spot_cartographer)
[1.214s] DEBUG:colcon.colcon_core.event_handler.log_command:Invoked command in '/home/hiwi/devel_ana/carto_ws/build/spot_cartographer' returned '0': CMAKE_PREFIX_PATH=${CMAKE_PREFIX_PATH}:/home/hiwi/devel_ana/web_ws/install/webots_spot_teleop:/home/hiwi/devel_ana/web_ws/install/webots_spot:/home/hiwi/devel_ana/web_ws/install/webots_ros2:/home/hiwi/devel_ana/web_ws/install/webots_ros2_universal_robot:/home/hiwi/devel_ana/web_ws/install/webots_ros2_turtlebot:/home/hiwi/devel_ana/web_ws/install/webots_ros2_tiago:/home/hiwi/devel_ana/web_ws/install/webots_ros2_tests:/home/hiwi/devel_ana/web_ws/install/webots_ros2_tesla:/home/hiwi/devel_ana/web_ws/install/webots_ros2_mavic:/home/hiwi/devel_ana/web_ws/install/webots_ros2_husarion:/home/hiwi/devel_ana/web_ws/install/webots_ros2_epuck:/home/hiwi/devel_ana/web_ws/install/webots_ros2_crazyflie:/home/hiwi/devel_ana/web_ws/install/webots_ros2_importer:/home/hiwi/ws_moveit2/install/moveit_configs_utils:/home/hiwi/devel_ana/ros2_ws/install/talk_listen:/home/hiwi/devel_ana/ros2_ws/install/mqtt_test:/opt/ros/humble /usr/bin/cmake --install /home/hiwi/devel_ana/carto_ws/build/spot_cartographer
[1.230s] Level 1:colcon.colcon_core.environment:checking '/home/hiwi/devel_ana/carto_ws/install/spot_cartographer' for CMake module files
[1.232s] Level 1:colcon.colcon_core.environment:checking '/home/hiwi/devel_ana/carto_ws/install/spot_cartographer' for CMake config files
[1.233s] Level 1:colcon.colcon_core.shell:create_environment_hook('spot_cartographer', 'cmake_prefix_path')
[1.234s] INFO:colcon.colcon_core.shell:Creating environment hook '/home/hiwi/devel_ana/carto_ws/install/spot_cartographer/share/spot_cartographer/hook/cmake_prefix_path.ps1'
[1.235s] INFO:colcon.colcon_core.shell:Creating environment descriptor '/home/hiwi/devel_ana/carto_ws/install/spot_cartographer/share/spot_cartographer/hook/cmake_prefix_path.dsv'
[1.237s] INFO:colcon.colcon_core.shell:Creating environment hook '/home/hiwi/devel_ana/carto_ws/install/spot_cartographer/share/spot_cartographer/hook/cmake_prefix_path.sh'
[1.241s] Level 1:colcon.colcon_core.environment:checking '/home/hiwi/devel_ana/carto_ws/install/spot_cartographer/bin'
[1.241s] Level 1:colcon.colcon_core.environment:checking '/home/hiwi/devel_ana/carto_ws/install/spot_cartographer/lib/pkgconfig/spot_cartographer.pc'
[1.242s] Level 1:colcon.colcon_core.environment:checking '/home/hiwi/devel_ana/carto_ws/install/spot_cartographer/lib/python3.10/site-packages'
[1.242s] Level 1:colcon.colcon_core.environment:checking '/home/hiwi/devel_ana/carto_ws/install/spot_cartographer/bin'
[1.243s] INFO:colcon.colcon_core.shell:Creating package script '/home/hiwi/devel_ana/carto_ws/install/spot_cartographer/share/spot_cartographer/package.ps1'
[1.245s] INFO:colcon.colcon_core.shell:Creating package descriptor '/home/hiwi/devel_ana/carto_ws/install/spot_cartographer/share/spot_cartographer/package.dsv'
[1.247s] INFO:colcon.colcon_core.shell:Creating package script '/home/hiwi/devel_ana/carto_ws/install/spot_cartographer/share/spot_cartographer/package.sh'
[1.249s] INFO:colcon.colcon_core.shell:Creating package script '/home/hiwi/devel_ana/carto_ws/install/spot_cartographer/share/spot_cartographer/package.bash'
[1.251s] INFO:colcon.colcon_core.shell:Creating package script '/home/hiwi/devel_ana/carto_ws/install/spot_cartographer/share/spot_cartographer/package.zsh'
[1.254s] Level 1:colcon.colcon_core.environment:create_file_with_runtime_dependencies(/home/hiwi/devel_ana/carto_ws/install/spot_cartographer/share/colcon-core/packages/spot_cartographer)
[1.256s] Level 1:colcon.colcon_core.environment:create_environment_scripts_only(spot_cartographer)
[1.257s] Level 1:colcon.colcon_core.environment:checking '/home/hiwi/devel_ana/carto_ws/install/spot_cartographer' for CMake module files
[1.258s] Level 1:colcon.colcon_core.environment:checking '/home/hiwi/devel_ana/carto_ws/install/spot_cartographer' for CMake config files
[1.259s] Level 1:colcon.colcon_core.shell:create_environment_hook('spot_cartographer', 'cmake_prefix_path')
[1.259s] INFO:colcon.colcon_core.shell:Creating environment hook '/home/hiwi/devel_ana/carto_ws/install/spot_cartographer/share/spot_cartographer/hook/cmake_prefix_path.ps1'
[1.261s] INFO:colcon.colcon_core.shell:Creating environment descriptor '/home/hiwi/devel_ana/carto_ws/install/spot_cartographer/share/spot_cartographer/hook/cmake_prefix_path.dsv'
[1.262s] INFO:colcon.colcon_core.shell:Creating environment hook '/home/hiwi/devel_ana/carto_ws/install/spot_cartographer/share/spot_cartographer/hook/cmake_prefix_path.sh'
[1.263s] Level 1:colcon.colcon_core.environment:checking '/home/hiwi/devel_ana/carto_ws/install/spot_cartographer/bin'
[1.263s] Level 1:colcon.colcon_core.environment:checking '/home/hiwi/devel_ana/carto_ws/install/spot_cartographer/lib/pkgconfig/spot_cartographer.pc'
[1.264s] Level 1:colcon.colcon_core.environment:checking '/home/hiwi/devel_ana/carto_ws/install/spot_cartographer/lib/python3.10/site-packages'
[1.265s] Level 1:colcon.colcon_core.environment:checking '/home/hiwi/devel_ana/carto_ws/install/spot_cartographer/bin'
[1.266s] INFO:colcon.colcon_core.shell:Creating package script '/home/hiwi/devel_ana/carto_ws/install/spot_cartographer/share/spot_cartographer/package.ps1'
[1.267s] INFO:colcon.colcon_core.shell:Creating package descriptor '/home/hiwi/devel_ana/carto_ws/install/spot_cartographer/share/spot_cartographer/package.dsv'
[1.268s] INFO:colcon.colcon_core.shell:Creating package script '/home/hiwi/devel_ana/carto_ws/install/spot_cartographer/share/spot_cartographer/package.sh'
[1.269s] INFO:colcon.colcon_core.shell:Creating package script '/home/hiwi/devel_ana/carto_ws/install/spot_cartographer/share/spot_cartographer/package.bash'
[1.270s] INFO:colcon.colcon_core.shell:Creating package script '/home/hiwi/devel_ana/carto_ws/install/spot_cartographer/share/spot_cartographer/package.zsh'
[1.271s] Level 1:colcon.colcon_core.environment:create_file_with_runtime_dependencies(/home/hiwi/devel_ana/carto_ws/install/spot_cartographer/share/colcon-core/packages/spot_cartographer)
[1.272s] DEBUG:colcon.colcon_parallel_executor.executor.parallel:closing loop
[1.272s] DEBUG:colcon.colcon_parallel_executor.executor.parallel:loop closed
[1.273s] DEBUG:colcon.colcon_parallel_executor.executor.parallel:run_until_complete finished with '0'
[1.273s] DEBUG:colcon.colcon_core.event_reactor:joining thread
[1.293s] INFO:colcon.colcon_core.plugin_system:Skipping extension 'colcon_notification.desktop_notification.terminal_notifier': Not used on non-Darwin systems
[1.293s] INFO:colcon.colcon_core.plugin_system:Skipping extension 'colcon_notification.desktop_notification.win32': Not used on non-Windows systems
[1.293s] INFO:colcon.colcon_notification.desktop_notification:Sending desktop notification using 'notify2'
[1.326s] DEBUG:colcon.colcon_core.event_reactor:joined thread
[1.328s] INFO:colcon.colcon_core.shell:Creating prefix script '/home/hiwi/devel_ana/carto_ws/install/local_setup.ps1'
[1.332s] INFO:colcon.colcon_core.shell:Creating prefix util module '/home/hiwi/devel_ana/carto_ws/install/_local_setup_util_ps1.py'
[1.338s] INFO:colcon.colcon_core.shell:Creating prefix chain script '/home/hiwi/devel_ana/carto_ws/install/setup.ps1'
[1.352s] INFO:colcon.colcon_core.shell:Creating prefix script '/home/hiwi/devel_ana/carto_ws/install/local_setup.sh'
[1.353s] INFO:colcon.colcon_core.shell:Creating prefix util module '/home/hiwi/devel_ana/carto_ws/install/_local_setup_util_sh.py'
[1.356s] INFO:colcon.colcon_core.shell:Creating prefix chain script '/home/hiwi/devel_ana/carto_ws/install/setup.sh'
[1.364s] INFO:colcon.colcon_core.shell:Creating prefix script '/home/hiwi/devel_ana/carto_ws/install/local_setup.bash'
[1.368s] INFO:colcon.colcon_core.shell:Creating prefix chain script '/home/hiwi/devel_ana/carto_ws/install/setup.bash'
[1.380s] INFO:colcon.colcon_core.shell:Creating prefix script '/home/hiwi/devel_ana/carto_ws/install/local_setup.zsh'
[1.382s] INFO:colcon.colcon_core.shell:Creating prefix chain script '/home/hiwi/devel_ana/carto_ws/install/setup.zsh'
