[0.323s] DEBUG:colcon:Command line arguments: ['/usr/bin/colcon', 'build']
[0.323s] DEBUG:colcon:Parsed command line arguments: Namespace(log_base=None, log_level=None, verb_name='build', build_base='build', install_base='install', merge_install=False, symlink_install=False, test_result_base=None, continue_on_error=False, executor='parallel', parallel_workers=8, event_handlers=None, ignore_user_meta=False, metas=['./colcon.meta'], base_paths=['.'], packages_ignore=None, packages_ignore_regex=None, paths=None, packages_up_to=None, packages_up_to_regex=None, packages_above=None, packages_above_and_dependencies=None, packages_above_depth=None, packages_select_by_dep=None, packages_skip_by_dep=None, packages_skip_up_to=None, packages_select_build_failed=False, packages_skip_build_finished=False, packages_select_test_failures=False, packages_skip_test_passed=False, packages_select=None, packages_skip=None, packages_select_regex=None, packages_skip_regex=None, packages_start=None, packages_end=None, allow_overriding=[], cmake_args=None, cmake_target=None, cmake_target_skip_unavailable=False, cmake_clean_cache=False, cmake_clean_first=False, cmake_force_configure=False, ament_cmake_args=None, catkin_cmake_args=None, catkin_skip_building_tests=False, mixin_files=None, mixin=None, verb_parser=<colcon_mixin.mixin.mixin_argument.MixinArgumentDecorator object at 0x7aba58648e80>, verb_extension=<colcon_core.verb.build.BuildVerb object at 0x7aba58759d50>, main=<bound method BuildVerb.main of <colcon_core.verb.build.BuildVerb object at 0x7aba58759d50>>, mixin_verb=('build',))
[0.421s] Level 1:colcon.colcon_core.package_discovery:discover_packages(colcon_meta) check parameters
[0.421s] Level 1:colcon.colcon_core.package_discovery:discover_packages(recursive) check parameters
[0.421s] Level 1:colcon.colcon_core.package_discovery:discover_packages(ignore) check parameters
[0.421s] Level 1:colcon.colcon_core.package_discovery:discover_packages(path) check parameters
[0.421s] Level 1:colcon.colcon_core.package_discovery:discover_packages(colcon_meta) discover
[0.421s] Level 1:colcon.colcon_core.package_discovery:discover_packages(recursive) discover
[0.422s] INFO:colcon.colcon_core.package_discovery:Crawling recursively for packages in '/home/hiwi/devel_ana/carto_ws'
[0.422s] Level 1:colcon.colcon_core.package_identification:_identify(.) by extensions ['ignore', 'ignore_ament_install']
[0.422s] Level 1:colcon.colcon_core.package_identification:_identify(.) by extension 'ignore'
[0.422s] Level 1:colcon.colcon_core.package_identification:_identify(.) by extension 'ignore_ament_install'
[0.422s] Level 1:colcon.colcon_core.package_identification:_identify(.) by extensions ['colcon_pkg']
[0.423s] Level 1:colcon.colcon_core.package_identification:_identify(.) by extension 'colcon_pkg'
[0.423s] Level 1:colcon.colcon_core.package_identification:_identify(.) by extensions ['colcon_meta']
[0.423s] Level 1:colcon.colcon_core.package_identification:_identify(.) by extension 'colcon_meta'
[0.423s] Level 1:colcon.colcon_core.package_identification:_identify(.) by extensions ['ros']
[0.423s] Level 1:colcon.colcon_core.package_identification:_identify(.) by extension 'ros'
[0.475s] Level 1:colcon.colcon_core.package_identification:_identify(.) by extensions ['cmake', 'python']
[0.476s] Level 1:colcon.colcon_core.package_identification:_identify(.) by extension 'cmake'
[0.476s] Level 1:colcon.colcon_core.package_identification:_identify(.) by extension 'python'
[0.476s] Level 1:colcon.colcon_core.package_identification:_identify(.) by extensions ['python_setup_py']
[0.477s] Level 1:colcon.colcon_core.package_identification:_identify(.) by extension 'python_setup_py'
[0.477s] Level 1:colcon.colcon_core.package_identification:_identify(build) by extensions ['ignore', 'ignore_ament_install']
[0.477s] Level 1:colcon.colcon_core.package_identification:_identify(build) by extension 'ignore'
[0.477s] Level 1:colcon.colcon_core.package_identification:_identify(build) ignored
[0.478s] Level 1:colcon.colcon_core.package_identification:_identify(install) by extensions ['ignore', 'ignore_ament_install']
[0.478s] Level 1:colcon.colcon_core.package_identification:_identify(install) by extension 'ignore'
[0.478s] Level 1:colcon.colcon_core.package_identification:_identify(install) ignored
[0.479s] Level 1:colcon.colcon_core.package_identification:_identify(log) by extensions ['ignore', 'ignore_ament_install']
[0.479s] Level 1:colcon.colcon_core.package_identification:_identify(log) by extension 'ignore'
[0.479s] Level 1:colcon.colcon_core.package_identification:_identify(log) ignored
[0.479s] Level 1:colcon.colcon_core.package_identification:_identify(src) by extensions ['ignore', 'ignore_ament_install']
[0.479s] Level 1:colcon.colcon_core.package_identification:_identify(src) by extension 'ignore'
[0.479s] Level 1:colcon.colcon_core.package_identification:_identify(src) by extension 'ignore_ament_install'
[0.480s] Level 1:colcon.colcon_core.package_identification:_identify(src) by extensions ['colcon_pkg']
[0.480s] Level 1:colcon.colcon_core.package_identification:_identify(src) by extension 'colcon_pkg'
[0.480s] Level 1:colcon.colcon_core.package_identification:_identify(src) by extensions ['colcon_meta']
[0.480s] Level 1:colcon.colcon_core.package_identification:_identify(src) by extension 'colcon_meta'
[0.480s] Level 1:colcon.colcon_core.package_identification:_identify(src) by extensions ['ros']
[0.480s] Level 1:colcon.colcon_core.package_identification:_identify(src) by extension 'ros'
[0.480s] Level 1:colcon.colcon_core.package_identification:_identify(src) by extensions ['cmake', 'python']
[0.481s] Level 1:colcon.colcon_core.package_identification:_identify(src) by extension 'cmake'
[0.481s] Level 1:colcon.colcon_core.package_identification:_identify(src) by extension 'python'
[0.481s] Level 1:colcon.colcon_core.package_identification:_identify(src) by extensions ['python_setup_py']
[0.481s] Level 1:colcon.colcon_core.package_identification:_identify(src) by extension 'python_setup_py'
[0.481s] Level 1:colcon.colcon_core.package_identification:_identify(src/spot_cartographer) by extensions ['ignore', 'ignore_ament_install']
[0.481s] Level 1:colcon.colcon_core.package_identification:_identify(src/spot_cartographer) by extension 'ignore'
[0.482s] Level 1:colcon.colcon_core.package_identification:_identify(src/spot_cartographer) by extension 'ignore_ament_install'
[0.482s] Level 1:colcon.colcon_core.package_identification:_identify(src/spot_cartographer) by extensions ['colcon_pkg']
[0.482s] Level 1:colcon.colcon_core.package_identification:_identify(src/spot_cartographer) by extension 'colcon_pkg'
[0.482s] Level 1:colcon.colcon_core.package_identification:_identify(src/spot_cartographer) by extensions ['colcon_meta']
[0.482s] Level 1:colcon.colcon_core.package_identification:_identify(src/spot_cartographer) by extension 'colcon_meta'
[0.482s] Level 1:colcon.colcon_core.package_identification:_identify(src/spot_cartographer) by extensions ['ros']
[0.482s] Level 1:colcon.colcon_core.package_identification:_identify(src/spot_cartographer) by extension 'ros'
[0.488s] DEBUG:colcon.colcon_core.package_identification:Package 'src/spot_cartographer' with type 'ros.ament_cmake' and name 'spot_cartographer'
[0.488s] Level 1:colcon.colcon_core.package_discovery:discover_packages(recursive) using defaults
[0.489s] Level 1:colcon.colcon_core.package_discovery:discover_packages(ignore) discover
[0.489s] Level 1:colcon.colcon_core.package_discovery:discover_packages(ignore) using defaults
[0.489s] Level 1:colcon.colcon_core.package_discovery:discover_packages(path) discover
[0.489s] Level 1:colcon.colcon_core.package_discovery:discover_packages(path) using defaults
[0.538s] Level 1:colcon.colcon_core.package_discovery:discover_packages(prefix_path) check parameters
[0.538s] Level 1:colcon.colcon_core.package_discovery:discover_packages(prefix_path) discover
[0.546s] DEBUG:colcon.colcon_installed_package_information.package_discovery:Found 1 installed packages in /home/hiwi/devel_ana/carto_ws/install
[0.548s] DEBUG:colcon.colcon_installed_package_information.package_discovery:Found 4 installed packages in /home/hiwi/devel_ana/ros2_ws/install
[0.553s] DEBUG:colcon.colcon_installed_package_information.package_discovery:Found 45 installed packages in /home/hiwi/ws_moveit2/install
[0.557s] DEBUG:colcon.colcon_installed_package_information.package_discovery:Found 455 installed packages in /opt/ros/humble
[0.562s] Level 1:colcon.colcon_core.package_discovery:discover_packages(prefix_path) using defaults
[0.721s] Level 5:colcon.colcon_core.verb:set package 'spot_cartographer' build argument 'cmake_args' from command line to 'None'
[0.721s] Level 5:colcon.colcon_core.verb:set package 'spot_cartographer' build argument 'cmake_target' from command line to 'None'
[0.721s] Level 5:colcon.colcon_core.verb:set package 'spot_cartographer' build argument 'cmake_target_skip_unavailable' from command line to 'False'
[0.721s] Level 5:colcon.colcon_core.verb:set package 'spot_cartographer' build argument 'cmake_clean_cache' from command line to 'False'
[0.721s] Level 5:colcon.colcon_core.verb:set package 'spot_cartographer' build argument 'cmake_clean_first' from command line to 'False'
[0.721s] Level 5:colcon.colcon_core.verb:set package 'spot_cartographer' build argument 'cmake_force_configure' from command line to 'False'
[0.722s] Level 5:colcon.colcon_core.verb:set package 'spot_cartographer' build argument 'ament_cmake_args' from command line to 'None'
[0.722s] Level 5:colcon.colcon_core.verb:set package 'spot_cartographer' build argument 'catkin_cmake_args' from command line to 'None'
[0.722s] Level 5:colcon.colcon_core.verb:set package 'spot_cartographer' build argument 'catkin_skip_building_tests' from command line to 'False'
[0.722s] DEBUG:colcon.colcon_core.verb:Building package 'spot_cartographer' with the following arguments: {'ament_cmake_args': None, 'build_base': '/home/hiwi/devel_ana/carto_ws/build/spot_cartographer', 'catkin_cmake_args': None, 'catkin_skip_building_tests': False, 'cmake_args': None, 'cmake_clean_cache': False, 'cmake_clean_first': False, 'cmake_force_configure': False, 'cmake_target': None, 'cmake_target_skip_unavailable': False, 'install_base': '/home/hiwi/devel_ana/carto_ws/install/spot_cartographer', 'merge_install': False, 'path': '/home/hiwi/devel_ana/carto_ws/src/spot_cartographer', 'symlink_install': False, 'test_result_base': None}
[0.723s] INFO:colcon.colcon_core.executor:Executing jobs using 'parallel' executor
[0.726s] DEBUG:colcon.colcon_parallel_executor.executor.parallel:run_until_complete
[0.726s] INFO:colcon.colcon_ros.task.ament_cmake.build:Building ROS package in '/home/hiwi/devel_ana/carto_ws/src/spot_cartographer' with build type 'ament_cmake'
[0.726s] INFO:colcon.colcon_cmake.task.cmake.build:Building CMake package in '/home/hiwi/devel_ana/carto_ws/src/spot_cartographer'
[0.733s] INFO:colcon.colcon_core.plugin_system:Skipping extension 'colcon_core.shell.bat': Not used on non-Windows systems
[0.734s] INFO:colcon.colcon_core.shell:Skip shell extension 'powershell' for command environment: Not usable outside of PowerShell
[0.734s] DEBUG:colcon.colcon_core.shell:Skip shell extension 'dsv' for command environment
[0.784s] DEBUG:colcon.colcon_core.event_handler.log_command:Invoking command in '/home/hiwi/devel_ana/carto_ws/build/spot_cartographer': CMAKE_PREFIX_PATH=${CMAKE_PREFIX_PATH}:/home/hiwi/ws_moveit2/install/moveit_configs_utils:/home/hiwi/devel_ana/ros2_ws/install/talk_listen:/home/hiwi/devel_ana/ros2_ws/install/mqtt_test:/opt/ros/humble /usr/bin/cmake --build /home/hiwi/devel_ana/carto_ws/build/spot_cartographer -- -j8 -l8
[0.888s] DEBUG:colcon.colcon_core.event_handler.log_command:Invoked command in '/home/hiwi/devel_ana/carto_ws/build/spot_cartographer' returned '0': CMAKE_PREFIX_PATH=${CMAKE_PREFIX_PATH}:/home/hiwi/ws_moveit2/install/moveit_configs_utils:/home/hiwi/devel_ana/ros2_ws/install/talk_listen:/home/hiwi/devel_ana/ros2_ws/install/mqtt_test:/opt/ros/humble /usr/bin/cmake --build /home/hiwi/devel_ana/carto_ws/build/spot_cartographer -- -j8 -l8
[0.914s] DEBUG:colcon.colcon_core.event_handler.log_command:Invoking command in '/home/hiwi/devel_ana/carto_ws/build/spot_cartographer': CMAKE_PREFIX_PATH=${CMAKE_PREFIX_PATH}:/home/hiwi/ws_moveit2/install/moveit_configs_utils:/home/hiwi/devel_ana/ros2_ws/install/talk_listen:/home/hiwi/devel_ana/ros2_ws/install/mqtt_test:/opt/ros/humble /usr/bin/cmake --install /home/hiwi/devel_ana/carto_ws/build/spot_cartographer
[0.947s] Level 1:colcon.colcon_core.environment:create_environment_scripts_only(spot_cartographer)
[0.949s] DEBUG:colcon.colcon_core.event_handler.log_command:Invoked command in '/home/hiwi/devel_ana/carto_ws/build/spot_cartographer' returned '0': CMAKE_PREFIX_PATH=${CMAKE_PREFIX_PATH}:/home/hiwi/ws_moveit2/install/moveit_configs_utils:/home/hiwi/devel_ana/ros2_ws/install/talk_listen:/home/hiwi/devel_ana/ros2_ws/install/mqtt_test:/opt/ros/humble /usr/bin/cmake --install /home/hiwi/devel_ana/carto_ws/build/spot_cartographer
[0.958s] Level 1:colcon.colcon_core.environment:checking '/home/hiwi/devel_ana/carto_ws/install/spot_cartographer' for CMake module files
[0.959s] Level 1:colcon.colcon_core.environment:checking '/home/hiwi/devel_ana/carto_ws/install/spot_cartographer' for CMake config files
[0.959s] Level 1:colcon.colcon_core.shell:create_environment_hook('spot_cartographer', 'cmake_prefix_path')
[0.960s] INFO:colcon.colcon_core.shell:Creating environment hook '/home/hiwi/devel_ana/carto_ws/install/spot_cartographer/share/spot_cartographer/hook/cmake_prefix_path.ps1'
[0.963s] INFO:colcon.colcon_core.shell:Creating environment descriptor '/home/hiwi/devel_ana/carto_ws/install/spot_cartographer/share/spot_cartographer/hook/cmake_prefix_path.dsv'
[0.966s] INFO:colcon.colcon_core.shell:Creating environment hook '/home/hiwi/devel_ana/carto_ws/install/spot_cartographer/share/spot_cartographer/hook/cmake_prefix_path.sh'
[0.970s] Level 1:colcon.colcon_core.environment:checking '/home/hiwi/devel_ana/carto_ws/install/spot_cartographer/bin'
[0.970s] Level 1:colcon.colcon_core.environment:checking '/home/hiwi/devel_ana/carto_ws/install/spot_cartographer/lib/pkgconfig/spot_cartographer.pc'
[0.971s] Level 1:colcon.colcon_core.environment:checking '/home/hiwi/devel_ana/carto_ws/install/spot_cartographer/lib/python3.10/site-packages'
[0.972s] Level 1:colcon.colcon_core.environment:checking '/home/hiwi/devel_ana/carto_ws/install/spot_cartographer/bin'
[0.973s] INFO:colcon.colcon_core.shell:Creating package script '/home/hiwi/devel_ana/carto_ws/install/spot_cartographer/share/spot_cartographer/package.ps1'
[0.975s] INFO:colcon.colcon_core.shell:Creating package descriptor '/home/hiwi/devel_ana/carto_ws/install/spot_cartographer/share/spot_cartographer/package.dsv'
[0.977s] INFO:colcon.colcon_core.shell:Creating package script '/home/hiwi/devel_ana/carto_ws/install/spot_cartographer/share/spot_cartographer/package.sh'
[0.978s] INFO:colcon.colcon_core.shell:Creating package script '/home/hiwi/devel_ana/carto_ws/install/spot_cartographer/share/spot_cartographer/package.bash'
[0.980s] INFO:colcon.colcon_core.shell:Creating package script '/home/hiwi/devel_ana/carto_ws/install/spot_cartographer/share/spot_cartographer/package.zsh'
[0.982s] Level 1:colcon.colcon_core.environment:create_file_with_runtime_dependencies(/home/hiwi/devel_ana/carto_ws/install/spot_cartographer/share/colcon-core/packages/spot_cartographer)
[0.983s] Level 1:colcon.colcon_core.environment:create_environment_scripts_only(spot_cartographer)
[0.984s] Level 1:colcon.colcon_core.environment:checking '/home/hiwi/devel_ana/carto_ws/install/spot_cartographer' for CMake module files
[0.986s] Level 1:colcon.colcon_core.environment:checking '/home/hiwi/devel_ana/carto_ws/install/spot_cartographer' for CMake config files
[0.987s] Level 1:colcon.colcon_core.shell:create_environment_hook('spot_cartographer', 'cmake_prefix_path')
[0.987s] INFO:colcon.colcon_core.shell:Creating environment hook '/home/hiwi/devel_ana/carto_ws/install/spot_cartographer/share/spot_cartographer/hook/cmake_prefix_path.ps1'
[0.988s] INFO:colcon.colcon_core.shell:Creating environment descriptor '/home/hiwi/devel_ana/carto_ws/install/spot_cartographer/share/spot_cartographer/hook/cmake_prefix_path.dsv'
[0.989s] INFO:colcon.colcon_core.shell:Creating environment hook '/home/hiwi/devel_ana/carto_ws/install/spot_cartographer/share/spot_cartographer/hook/cmake_prefix_path.sh'
[0.990s] Level 1:colcon.colcon_core.environment:checking '/home/hiwi/devel_ana/carto_ws/install/spot_cartographer/bin'
[0.990s] Level 1:colcon.colcon_core.environment:checking '/home/hiwi/devel_ana/carto_ws/install/spot_cartographer/lib/pkgconfig/spot_cartographer.pc'
[0.991s] Level 1:colcon.colcon_core.environment:checking '/home/hiwi/devel_ana/carto_ws/install/spot_cartographer/lib/python3.10/site-packages'
[0.992s] Level 1:colcon.colcon_core.environment:checking '/home/hiwi/devel_ana/carto_ws/install/spot_cartographer/bin'
[0.992s] INFO:colcon.colcon_core.shell:Creating package script '/home/hiwi/devel_ana/carto_ws/install/spot_cartographer/share/spot_cartographer/package.ps1'
[0.993s] INFO:colcon.colcon_core.shell:Creating package descriptor '/home/hiwi/devel_ana/carto_ws/install/spot_cartographer/share/spot_cartographer/package.dsv'
[0.997s] INFO:colcon.colcon_core.shell:Creating package script '/home/hiwi/devel_ana/carto_ws/install/spot_cartographer/share/spot_cartographer/package.sh'
[0.998s] INFO:colcon.colcon_core.shell:Creating package script '/home/hiwi/devel_ana/carto_ws/install/spot_cartographer/share/spot_cartographer/package.bash'
[0.999s] INFO:colcon.colcon_core.shell:Creating package script '/home/hiwi/devel_ana/carto_ws/install/spot_cartographer/share/spot_cartographer/package.zsh'
[1.000s] Level 1:colcon.colcon_core.environment:create_file_with_runtime_dependencies(/home/hiwi/devel_ana/carto_ws/install/spot_cartographer/share/colcon-core/packages/spot_cartographer)
[1.001s] DEBUG:colcon.colcon_parallel_executor.executor.parallel:closing loop
[1.001s] DEBUG:colcon.colcon_parallel_executor.executor.parallel:loop closed
[1.002s] DEBUG:colcon.colcon_parallel_executor.executor.parallel:run_until_complete finished with '0'
[1.002s] DEBUG:colcon.colcon_core.event_reactor:joining thread
[1.019s] INFO:colcon.colcon_core.plugin_system:Skipping extension 'colcon_notification.desktop_notification.terminal_notifier': Not used on non-Darwin systems
[1.020s] INFO:colcon.colcon_core.plugin_system:Skipping extension 'colcon_notification.desktop_notification.win32': Not used on non-Windows systems
[1.020s] INFO:colcon.colcon_notification.desktop_notification:Sending desktop notification using 'notify2'
[1.050s] DEBUG:colcon.colcon_core.event_reactor:joined thread
[1.052s] INFO:colcon.colcon_core.shell:Creating prefix script '/home/hiwi/devel_ana/carto_ws/install/local_setup.ps1'
[1.055s] INFO:colcon.colcon_core.shell:Creating prefix util module '/home/hiwi/devel_ana/carto_ws/install/_local_setup_util_ps1.py'
[1.062s] INFO:colcon.colcon_core.shell:Creating prefix chain script '/home/hiwi/devel_ana/carto_ws/install/setup.ps1'
[1.073s] INFO:colcon.colcon_core.shell:Creating prefix script '/home/hiwi/devel_ana/carto_ws/install/local_setup.sh'
[1.075s] INFO:colcon.colcon_core.shell:Creating prefix util module '/home/hiwi/devel_ana/carto_ws/install/_local_setup_util_sh.py'
[1.077s] INFO:colcon.colcon_core.shell:Creating prefix chain script '/home/hiwi/devel_ana/carto_ws/install/setup.sh'
[1.086s] INFO:colcon.colcon_core.shell:Creating prefix script '/home/hiwi/devel_ana/carto_ws/install/local_setup.bash'
[1.088s] INFO:colcon.colcon_core.shell:Creating prefix chain script '/home/hiwi/devel_ana/carto_ws/install/setup.bash'
[1.095s] INFO:colcon.colcon_core.shell:Creating prefix script '/home/hiwi/devel_ana/carto_ws/install/local_setup.zsh'
[1.096s] INFO:colcon.colcon_core.shell:Creating prefix chain script '/home/hiwi/devel_ana/carto_ws/install/setup.zsh'
