-- Install configuration: ""
-- Up-to-date: /home/hiwi/devel_ana/carto_ws/install/spot_cartographer/share/spot_cartographer/config
-- Up-to-date: /home/hiwi/devel_ana/carto_ws/install/spot_cartographer/share/spot_cartographer/config/spot_3d.lua
-- Up-to-date: /home/hiwi/devel_ana/carto_ws/install/spot_cartographer/share/spot_cartographer/launch
-- Up-to-date: /home/hiwi/devel_ana/carto_ws/install/spot_cartographer/share/spot_cartographer/launch/spot_3d.launch.py
-- Up-to-date: /home/hiwi/devel_ana/carto_ws/install/spot_cartographer/share/ament_index/resource_index/package_run_dependencies/spot_cartographer
-- Up-to-date: /home/hiwi/devel_ana/carto_ws/install/spot_cartographer/share/ament_index/resource_index/parent_prefix_path/spot_cartographer
-- Up-to-date: /home/hiwi/devel_ana/carto_ws/install/spot_cartographer/share/spot_cartographer/environment/ament_prefix_path.sh
-- Up-to-date: /home/hiwi/devel_ana/carto_ws/install/spot_cartographer/share/spot_cartographer/environment/ament_prefix_path.dsv
-- Up-to-date: /home/hiwi/devel_ana/carto_ws/install/spot_cartographer/share/spot_cartographer/environment/path.sh
-- Up-to-date: /home/hiwi/devel_ana/carto_ws/install/spot_cartographer/share/spot_cartographer/environment/path.dsv
-- Up-to-date: /home/hiwi/devel_ana/carto_ws/install/spot_cartographer/share/spot_cartographer/local_setup.bash
-- Up-to-date: /home/hiwi/devel_ana/carto_ws/install/spot_cartographer/share/spot_cartographer/local_setup.sh
-- Up-to-date: /home/hiwi/devel_ana/carto_ws/install/spot_cartographer/share/spot_cartographer/local_setup.zsh
-- Up-to-date: /home/hiwi/devel_ana/carto_ws/install/spot_cartographer/share/spot_cartographer/local_setup.dsv
-- Up-to-date: /home/hiwi/devel_ana/carto_ws/install/spot_cartographer/share/spot_cartographer/package.dsv
-- Up-to-date: /home/hiwi/devel_ana/carto_ws/install/spot_cartographer/share/ament_index/resource_index/packages/spot_cartographer
-- Up-to-date: /home/hiwi/devel_ana/carto_ws/install/spot_cartographer/share/spot_cartographer/cmake/spot_cartographerConfig.cmake
-- Up-to-date: /home/hiwi/devel_ana/carto_ws/install/spot_cartographer/share/spot_cartographer/cmake/spot_cartographerConfig-version.cmake
-- Up-to-date: /home/hiwi/devel_ana/carto_ws/install/spot_cartographer/share/spot_cartographer/package.xml
