[0.013s] Invoking command in '/home/hiwi/devel_ana/carto_ws/build/spot_cartographer': CMAKE_PREFIX_PATH=${CMAKE_PREFIX_PATH}:/home/hiwi/ws_moveit2/install/moveit_configs_utils:/home/hiwi/devel_ana/ros2_ws/install/talk_listen:/home/hiwi/devel_ana/ros2_ws/install/mqtt_test:/opt/ros/humble /usr/bin/cmake --build /home/hiwi/devel_ana/carto_ws/build/spot_cartographer -- -j8 -l8
[0.033s] -- Found ament_cmake: 1.3.11 (/opt/ros/humble/share/ament_cmake/cmake)
[0.192s] -- Configuring done
[0.194s] -- Generating done
[0.195s] -- Build files have been written to: /home/hiwi/devel_ana/carto_ws/build/spot_cartographer
[0.214s] Invoked command in '/home/hiwi/devel_ana/carto_ws/build/spot_cartographer' returned '0': CMAKE_PREFIX_PATH=${CMAKE_PREFIX_PATH}:/home/hiwi/ws_moveit2/install/moveit_configs_utils:/home/hiwi/devel_ana/ros2_ws/install/talk_listen:/home/hiwi/devel_ana/ros2_ws/install/mqtt_test:/opt/ros/humble /usr/bin/cmake --build /home/hiwi/devel_ana/carto_ws/build/spot_cartographer -- -j8 -l8
[0.223s] Invoking command in '/home/hiwi/devel_ana/carto_ws/build/spot_cartographer': CMAKE_PREFIX_PATH=${CMAKE_PREFIX_PATH}:/home/hiwi/ws_moveit2/install/moveit_configs_utils:/home/hiwi/devel_ana/ros2_ws/install/talk_listen:/home/hiwi/devel_ana/ros2_ws/install/mqtt_test:/opt/ros/humble /usr/bin/cmake --install /home/hiwi/devel_ana/carto_ws/build/spot_cartographer
[0.230s] -- Install configuration: ""
[0.230s] -- Installing: /home/hiwi/devel_ana/carto_ws/install/spot_cartographer/share/spot_cartographer/config
[0.230s] -- Installing: /home/hiwi/devel_ana/carto_ws/install/spot_cartographer/share/spot_cartographer/config/spot_3d.lua
[0.230s] -- Installing: /home/hiwi/devel_ana/carto_ws/install/spot_cartographer/share/spot_cartographer/launch
[0.230s] -- Installing: /home/hiwi/devel_ana/carto_ws/install/spot_cartographer/share/spot_cartographer/launch/spot_3d.launch.py
[0.230s] -- Installing: /home/hiwi/devel_ana/carto_ws/install/spot_cartographer/share/ament_index/resource_index/package_run_dependencies/spot_cartographer
[0.230s] -- Installing: /home/hiwi/devel_ana/carto_ws/install/spot_cartographer/share/ament_index/resource_index/parent_prefix_path/spot_cartographer
[0.230s] -- Up-to-date: /home/hiwi/devel_ana/carto_ws/install/spot_cartographer/share/spot_cartographer/environment/ament_prefix_path.sh
[0.230s] -- Installing: /home/hiwi/devel_ana/carto_ws/install/spot_cartographer/share/spot_cartographer/environment/ament_prefix_path.dsv
[0.230s] -- Up-to-date: /home/hiwi/devel_ana/carto_ws/install/spot_cartographer/share/spot_cartographer/environment/path.sh
[0.230s] -- Installing: /home/hiwi/devel_ana/carto_ws/install/spot_cartographer/share/spot_cartographer/environment/path.dsv
[0.230s] -- Up-to-date: /home/hiwi/devel_ana/carto_ws/install/spot_cartographer/share/spot_cartographer/local_setup.bash
[0.230s] -- Up-to-date: /home/hiwi/devel_ana/carto_ws/install/spot_cartographer/share/spot_cartographer/local_setup.sh
[0.231s] -- Up-to-date: /home/hiwi/devel_ana/carto_ws/install/spot_cartographer/share/spot_cartographer/local_setup.zsh
[0.231s] -- Installing: /home/hiwi/devel_ana/carto_ws/install/spot_cartographer/share/spot_cartographer/local_setup.dsv
[0.231s] -- Installing: /home/hiwi/devel_ana/carto_ws/install/spot_cartographer/share/spot_cartographer/package.dsv
[0.231s] -- Up-to-date: /home/hiwi/devel_ana/carto_ws/install/spot_cartographer/share/ament_index/resource_index/packages/spot_cartographer
[0.231s] -- Installing: /home/hiwi/devel_ana/carto_ws/install/spot_cartographer/share/spot_cartographer/cmake/spot_cartographerConfig.cmake
[0.231s] -- Installing: /home/hiwi/devel_ana/carto_ws/install/spot_cartographer/share/spot_cartographer/cmake/spot_cartographerConfig-version.cmake
[0.231s] -- Installing: /home/hiwi/devel_ana/carto_ws/install/spot_cartographer/share/spot_cartographer/package.xml
[0.233s] Invoked command in '/home/hiwi/devel_ana/carto_ws/build/spot_cartographer' returned '0': CMAKE_PREFIX_PATH=${CMAKE_PREFIX_PATH}:/home/hiwi/ws_moveit2/install/moveit_configs_utils:/home/hiwi/devel_ana/ros2_ws/install/talk_listen:/home/hiwi/devel_ana/ros2_ws/install/mqtt_test:/opt/ros/humble /usr/bin/cmake --install /home/hiwi/devel_ana/carto_ws/build/spot_cartographer
