[0.057s] Invoking command in '/home/hiwi/devel_ana/carto_ws/build/spot_cartographer': CMAKE_PREFIX_PATH=${CMAKE_PREFIX_PATH}:/home/hiwi/devel_ana/web_ws/install/webots_spot_teleop:/home/hiwi/devel_ana/web_ws/install/webots_spot:/home/hiwi/devel_ana/web_ws/install/webots_ros2:/home/hiwi/devel_ana/web_ws/install/webots_ros2_universal_robot:/home/hiwi/devel_ana/web_ws/install/webots_ros2_turtlebot:/home/hiwi/devel_ana/web_ws/install/webots_ros2_tiago:/home/hiwi/devel_ana/web_ws/install/webots_ros2_tests:/home/hiwi/devel_ana/web_ws/install/webots_ros2_tesla:/home/hiwi/devel_ana/web_ws/install/webots_ros2_mavic:/home/hiwi/devel_ana/web_ws/install/webots_ros2_husarion:/home/hiwi/devel_ana/web_ws/install/webots_ros2_epuck:/home/hiwi/devel_ana/web_ws/install/webots_ros2_crazyflie:/home/hiwi/devel_ana/web_ws/install/webots_ros2_importer:/home/hiwi/ws_moveit2/install/moveit_configs_utils:/home/hiwi/devel_ana/ros2_ws/install/talk_listen:/home/hiwi/devel_ana/ros2_ws/install/mqtt_test:/opt/ros/humble /usr/bin/cmake --build /home/hiwi/devel_ana/carto_ws/build/spot_cartographer -- -j8 -l8
[0.208s] Invoked command in '/home/hiwi/devel_ana/carto_ws/build/spot_cartographer' returned '0': CMAKE_PREFIX_PATH=${CMAKE_PREFIX_PATH}:/home/hiwi/devel_ana/web_ws/install/webots_spot_teleop:/home/hiwi/devel_ana/web_ws/install/webots_spot:/home/hiwi/devel_ana/web_ws/install/webots_ros2:/home/hiwi/devel_ana/web_ws/install/webots_ros2_universal_robot:/home/hiwi/devel_ana/web_ws/install/webots_ros2_turtlebot:/home/hiwi/devel_ana/web_ws/install/webots_ros2_tiago:/home/hiwi/devel_ana/web_ws/install/webots_ros2_tests:/home/hiwi/devel_ana/web_ws/install/webots_ros2_tesla:/home/hiwi/devel_ana/web_ws/install/webots_ros2_mavic:/home/hiwi/devel_ana/web_ws/install/webots_ros2_husarion:/home/hiwi/devel_ana/web_ws/install/webots_ros2_epuck:/home/hiwi/devel_ana/web_ws/install/webots_ros2_crazyflie:/home/hiwi/devel_ana/web_ws/install/webots_ros2_importer:/home/hiwi/ws_moveit2/install/moveit_configs_utils:/home/hiwi/devel_ana/ros2_ws/install/talk_listen:/home/hiwi/devel_ana/ros2_ws/install/mqtt_test:/opt/ros/humble /usr/bin/cmake --build /home/hiwi/devel_ana/carto_ws/build/spot_cartographer -- -j8 -l8
[0.241s] Invoking command in '/home/hiwi/devel_ana/carto_ws/build/spot_cartographer': CMAKE_PREFIX_PATH=${CMAKE_PREFIX_PATH}:/home/hiwi/devel_ana/web_ws/install/webots_spot_teleop:/home/hiwi/devel_ana/web_ws/install/webots_spot:/home/hiwi/devel_ana/web_ws/install/webots_ros2:/home/hiwi/devel_ana/web_ws/install/webots_ros2_universal_robot:/home/hiwi/devel_ana/web_ws/install/webots_ros2_turtlebot:/home/hiwi/devel_ana/web_ws/install/webots_ros2_tiago:/home/hiwi/devel_ana/web_ws/install/webots_ros2_tests:/home/hiwi/devel_ana/web_ws/install/webots_ros2_tesla:/home/hiwi/devel_ana/web_ws/install/webots_ros2_mavic:/home/hiwi/devel_ana/web_ws/install/webots_ros2_husarion:/home/hiwi/devel_ana/web_ws/install/webots_ros2_epuck:/home/hiwi/devel_ana/web_ws/install/webots_ros2_crazyflie:/home/hiwi/devel_ana/web_ws/install/webots_ros2_importer:/home/hiwi/ws_moveit2/install/moveit_configs_utils:/home/hiwi/devel_ana/ros2_ws/install/talk_listen:/home/hiwi/devel_ana/ros2_ws/install/mqtt_test:/opt/ros/humble /usr/bin/cmake --install /home/hiwi/devel_ana/carto_ws/build/spot_cartographer
[0.271s] -- Install configuration: ""
[0.272s] -- Up-to-date: /home/hiwi/devel_ana/carto_ws/install/spot_cartographer/share/spot_cartographer/config
[0.272s] -- Installing: /home/hiwi/devel_ana/carto_ws/install/spot_cartographer/share/spot_cartographer/config/spot_cartographer.rviz
[0.273s] -- Up-to-date: /home/hiwi/devel_ana/carto_ws/install/spot_cartographer/share/spot_cartographer/config/spot_cartographer.lua
[0.273s] -- Up-to-date: /home/hiwi/devel_ana/carto_ws/install/spot_cartographer/share/spot_cartographer/config/spot_3d.lua
[0.274s] -- Up-to-date: /home/hiwi/devel_ana/carto_ws/install/spot_cartographer/share/spot_cartographer/config/spot_test.lua
[0.274s] -- Up-to-date: /home/hiwi/devel_ana/carto_ws/install/spot_cartographer/share/spot_cartographer/launch
[0.274s] -- Up-to-date: /home/hiwi/devel_ana/carto_ws/install/spot_cartographer/share/spot_cartographer/launch/spot_test.launch.py
[0.275s] -- Up-to-date: /home/hiwi/devel_ana/carto_ws/install/spot_cartographer/share/spot_cartographer/launch/spot_3d.launch.py
[0.275s] -- Installing: /home/hiwi/devel_ana/carto_ws/install/spot_cartographer/share/spot_cartographer/launch/cartographer_spot.launch.py
[0.276s] -- Up-to-date: /home/hiwi/devel_ana/carto_ws/install/spot_cartographer/share/ament_index/resource_index/package_run_dependencies/spot_cartographer
[0.277s] -- Up-to-date: /home/hiwi/devel_ana/carto_ws/install/spot_cartographer/share/ament_index/resource_index/parent_prefix_path/spot_cartographer
[0.277s] -- Up-to-date: /home/hiwi/devel_ana/carto_ws/install/spot_cartographer/share/spot_cartographer/environment/ament_prefix_path.sh
[0.278s] -- Up-to-date: /home/hiwi/devel_ana/carto_ws/install/spot_cartographer/share/spot_cartographer/environment/ament_prefix_path.dsv
[0.278s] -- Up-to-date: /home/hiwi/devel_ana/carto_ws/install/spot_cartographer/share/spot_cartographer/environment/path.sh
[0.278s] -- Up-to-date: /home/hiwi/devel_ana/carto_ws/install/spot_cartographer/share/spot_cartographer/environment/path.dsv
[0.281s] -- Up-to-date: /home/hiwi/devel_ana/carto_ws/install/spot_cartographer/share/spot_cartographer/local_setup.bash
[0.281s] -- Up-to-date: /home/hiwi/devel_ana/carto_ws/install/spot_cartographer/share/spot_cartographer/local_setup.sh
[0.281s] -- Up-to-date: /home/hiwi/devel_ana/carto_ws/install/spot_cartographer/share/spot_cartographer/local_setup.zsh
[0.281s] -- Up-to-date: /home/hiwi/devel_ana/carto_ws/install/spot_cartographer/share/spot_cartographer/local_setup.dsv
[0.282s] -- Installing: /home/hiwi/devel_ana/carto_ws/install/spot_cartographer/share/spot_cartographer/package.dsv
[0.282s] -- Up-to-date: /home/hiwi/devel_ana/carto_ws/install/spot_cartographer/share/ament_index/resource_index/packages/spot_cartographer
[0.282s] -- Up-to-date: /home/hiwi/devel_ana/carto_ws/install/spot_cartographer/share/spot_cartographer/cmake/spot_cartographerConfig.cmake
[0.282s] -- Up-to-date: /home/hiwi/devel_ana/carto_ws/install/spot_cartographer/share/spot_cartographer/cmake/spot_cartographerConfig-version.cmake
[0.283s] -- Up-to-date: /home/hiwi/devel_ana/carto_ws/install/spot_cartographer/share/spot_cartographer/package.xml
[0.285s] Invoked command in '/home/hiwi/devel_ana/carto_ws/build/spot_cartographer' returned '0': CMAKE_PREFIX_PATH=${CMAKE_PREFIX_PATH}:/home/hiwi/devel_ana/web_ws/install/webots_spot_teleop:/home/hiwi/devel_ana/web_ws/install/webots_spot:/home/hiwi/devel_ana/web_ws/install/webots_ros2:/home/hiwi/devel_ana/web_ws/install/webots_ros2_universal_robot:/home/hiwi/devel_ana/web_ws/install/webots_ros2_turtlebot:/home/hiwi/devel_ana/web_ws/install/webots_ros2_tiago:/home/hiwi/devel_ana/web_ws/install/webots_ros2_tests:/home/hiwi/devel_ana/web_ws/install/webots_ros2_tesla:/home/hiwi/devel_ana/web_ws/install/webots_ros2_mavic:/home/hiwi/devel_ana/web_ws/install/webots_ros2_husarion:/home/hiwi/devel_ana/web_ws/install/webots_ros2_epuck:/home/hiwi/devel_ana/web_ws/install/webots_ros2_crazyflie:/home/hiwi/devel_ana/web_ws/install/webots_ros2_importer:/home/hiwi/ws_moveit2/install/moveit_configs_utils:/home/hiwi/devel_ana/ros2_ws/install/talk_listen:/home/hiwi/devel_ana/ros2_ws/install/mqtt_test:/opt/ros/humble /usr/bin/cmake --install /home/hiwi/devel_ana/carto_ws/build/spot_cartographer
