[0.063s] Invoking command in '/home/hiwi/devel_ana/carto_ws/build/spot_cartographer': CMAKE_PREFIX_PATH=${CMAKE_PREFIX_PATH}:/home/hiwi/ws_moveit2/install/moveit_configs_utils:/home/hiwi/devel_ana/ros2_ws/install/talk_listen:/home/hiwi/devel_ana/ros2_ws/install/mqtt_test:/opt/ros/humble /usr/bin/cmake --build /home/hiwi/devel_ana/carto_ws/build/spot_cartographer -- -j8 -l8
[0.170s] Invoked command in '/home/hiwi/devel_ana/carto_ws/build/spot_cartographer' returned '0': CMAKE_PREFIX_PATH=${CMAKE_PREFIX_PATH}:/home/hiwi/ws_moveit2/install/moveit_configs_utils:/home/hiwi/devel_ana/ros2_ws/install/talk_listen:/home/hiwi/devel_ana/ros2_ws/install/mqtt_test:/opt/ros/humble /usr/bin/cmake --build /home/hiwi/devel_ana/carto_ws/build/spot_cartographer -- -j8 -l8
[0.200s] Invoking command in '/home/hiwi/devel_ana/carto_ws/build/spot_cartographer': CMAKE_PREFIX_PATH=${CMAKE_PREFIX_PATH}:/home/hiwi/ws_moveit2/install/moveit_configs_utils:/home/hiwi/devel_ana/ros2_ws/install/talk_listen:/home/hiwi/devel_ana/ros2_ws/install/mqtt_test:/opt/ros/humble /usr/bin/cmake --install /home/hiwi/devel_ana/carto_ws/build/spot_cartographer
[0.228s] -- Install configuration: ""
[0.229s] -- Up-to-date: /home/hiwi/devel_ana/carto_ws/install/spot_cartographer/share/spot_cartographer/config
[0.229s] -- Up-to-date: /home/hiwi/devel_ana/carto_ws/install/spot_cartographer/share/spot_cartographer/config/spot_cartographer.rviz
[0.231s] -- Up-to-date: /home/hiwi/devel_ana/carto_ws/install/spot_cartographer/share/spot_cartographer/config/spot_cartographer.lua
[0.231s] -- Up-to-date: /home/hiwi/devel_ana/carto_ws/install/spot_cartographer/share/spot_cartographer/config/spot_3d.lua
[0.232s] -- Up-to-date: /home/hiwi/devel_ana/carto_ws/install/spot_cartographer/share/spot_cartographer/launch
[0.232s] -- Up-to-date: /home/hiwi/devel_ana/carto_ws/install/spot_cartographer/share/spot_cartographer/launch/spot_3d.launch.py
[0.232s] -- Installing: /home/hiwi/devel_ana/carto_ws/install/spot_cartographer/share/spot_cartographer/launch/cartographer_spot.launch.py
[0.232s] -- Up-to-date: /home/hiwi/devel_ana/carto_ws/install/spot_cartographer/share/ament_index/resource_index/package_run_dependencies/spot_cartographer
[0.232s] -- Up-to-date: /home/hiwi/devel_ana/carto_ws/install/spot_cartographer/share/ament_index/resource_index/parent_prefix_path/spot_cartographer
[0.233s] -- Up-to-date: /home/hiwi/devel_ana/carto_ws/install/spot_cartographer/share/spot_cartographer/environment/ament_prefix_path.sh
[0.233s] -- Up-to-date: /home/hiwi/devel_ana/carto_ws/install/spot_cartographer/share/spot_cartographer/environment/ament_prefix_path.dsv
[0.233s] -- Up-to-date: /home/hiwi/devel_ana/carto_ws/install/spot_cartographer/share/spot_cartographer/environment/path.sh
[0.233s] -- Up-to-date: /home/hiwi/devel_ana/carto_ws/install/spot_cartographer/share/spot_cartographer/environment/path.dsv
[0.234s] -- Up-to-date: /home/hiwi/devel_ana/carto_ws/install/spot_cartographer/share/spot_cartographer/local_setup.bash
[0.234s] -- Up-to-date: /home/hiwi/devel_ana/carto_ws/install/spot_cartographer/share/spot_cartographer/local_setup.sh
[0.235s] -- Up-to-date: /home/hiwi/devel_ana/carto_ws/install/spot_cartographer/share/spot_cartographer/local_setup.zsh
[0.235s] -- Up-to-date: /home/hiwi/devel_ana/carto_ws/install/spot_cartographer/share/spot_cartographer/local_setup.dsv
[0.235s] -- Installing: /home/hiwi/devel_ana/carto_ws/install/spot_cartographer/share/spot_cartographer/package.dsv
[0.236s] -- Up-to-date: /home/hiwi/devel_ana/carto_ws/install/spot_cartographer/share/ament_index/resource_index/packages/spot_cartographer
[0.238s] -- Up-to-date: /home/hiwi/devel_ana/carto_ws/install/spot_cartographer/share/spot_cartographer/cmake/spot_cartographerConfig.cmake
[0.238s] -- Up-to-date: /home/hiwi/devel_ana/carto_ws/install/spot_cartographer/share/spot_cartographer/cmake/spot_cartographerConfig-version.cmake
[0.239s] -- Up-to-date: /home/hiwi/devel_ana/carto_ws/install/spot_cartographer/share/spot_cartographer/package.xml
[0.239s] Invoked command in '/home/hiwi/devel_ana/carto_ws/build/spot_cartographer' returned '0': CMAKE_PREFIX_PATH=${CMAKE_PREFIX_PATH}:/home/hiwi/ws_moveit2/install/moveit_configs_utils:/home/hiwi/devel_ana/ros2_ws/install/talk_listen:/home/hiwi/devel_ana/ros2_ws/install/mqtt_test:/opt/ros/humble /usr/bin/cmake --install /home/hiwi/devel_ana/carto_ws/build/spot_cartographer
