-- The C compiler identification is GNU 11.4.0
-- The CXX compiler identification is GNU 11.4.0
-- Detecting C compiler ABI info
-- Detecting C compiler ABI info - done
-- Check for working C compiler: /usr/bin/cc - skipped
-- Detecting C compile features
-- Detecting C compile features - done
-- Detecting CXX compiler ABI info
-- Detecting CXX compiler ABI info - done
-- Check for working CXX compiler: /usr/bin/c++ - skipped
-- Detecting CXX compile features
-- Detecting CXX compile features - done
-- Found ament_cmake: 1.3.11 (/opt/ros/humble/share/ament_cmake/cmake)
-- Found Python3: /usr/bin/python3 (found version "3.10.12") found components: Interpreter 
-- Found ament_lint_auto: 0.12.12 (/opt/ros/humble/share/ament_lint_auto/cmake)
-- Added test 'lint_cmake' to check CMake code style
-- Added test 'xmllint' to check XML markup files
-- Configuring done
-- Generating done
-- Build files have been written to: /home/hiwi/devel_ana/carto_ws/build/spot_cartographer
-- Install configuration: ""
-- Installing: /home/hiwi/devel_ana/carto_ws/install/spot_cartographer/share/ament_index/resource_index/package_run_dependencies/spot_cartographer
-- Installing: /home/hiwi/devel_ana/carto_ws/install/spot_cartographer/share/ament_index/resource_index/parent_prefix_path/spot_cartographer
-- Installing: /home/hiwi/devel_ana/carto_ws/install/spot_cartographer/share/spot_cartographer/environment/ament_prefix_path.sh
-- Installing: /home/hiwi/devel_ana/carto_ws/install/spot_cartographer/share/spot_cartographer/environment/ament_prefix_path.dsv
-- Installing: /home/hiwi/devel_ana/carto_ws/install/spot_cartographer/share/spot_cartographer/environment/path.sh
-- Installing: /home/hiwi/devel_ana/carto_ws/install/spot_cartographer/share/spot_cartographer/environment/path.dsv
-- Installing: /home/hiwi/devel_ana/carto_ws/install/spot_cartographer/share/spot_cartographer/local_setup.bash
-- Installing: /home/hiwi/devel_ana/carto_ws/install/spot_cartographer/share/spot_cartographer/local_setup.sh
-- Installing: /home/hiwi/devel_ana/carto_ws/install/spot_cartographer/share/spot_cartographer/local_setup.zsh
-- Installing: /home/hiwi/devel_ana/carto_ws/install/spot_cartographer/share/spot_cartographer/local_setup.dsv
-- Installing: /home/hiwi/devel_ana/carto_ws/install/spot_cartographer/share/spot_cartographer/package.dsv
-- Installing: /home/hiwi/devel_ana/carto_ws/install/spot_cartographer/share/ament_index/resource_index/packages/spot_cartographer
-- Installing: /home/hiwi/devel_ana/carto_ws/install/spot_cartographer/share/spot_cartographer/cmake/spot_cartographerConfig.cmake
-- Installing: /home/hiwi/devel_ana/carto_ws/install/spot_cartographer/share/spot_cartographer/cmake/spot_cartographerConfig-version.cmake
-- Installing: /home/hiwi/devel_ana/carto_ws/install/spot_cartographer/share/spot_cartographer/package.xml
