[0.045s] Invoking command in '/home/hiwi/devel_ana/carto_ws/build/spot_cartographer': CMAKE_PREFIX_PATH=${CMAKE_PREFIX_PATH}:/home/hiwi/ws_moveit2/install/moveit_configs_utils:/home/hiwi/devel_ana/ros2_ws/install/talk_listen:/home/hiwi/devel_ana/ros2_ws/install/mqtt_test:/opt/ros/humble /usr/bin/cmake /home/hiwi/devel_ana/carto_ws/src/spot_cartographer -DCMAKE_INSTALL_PREFIX=/home/hiwi/devel_ana/carto_ws/install/spot_cartographer
[0.187s] -- The C compiler identification is GNU 11.4.0
[0.320s] -- The CXX compiler identification is GNU 11.4.0
[0.338s] -- Detecting C compiler ABI info
[0.514s] -- Detecting C compiler ABI info - done
[0.537s] -- Check for working C compiler: /usr/bin/cc - skipped
[0.538s] -- Detecting C compile features
[0.539s] -- Detecting C compile features - done
[0.546s] -- Detecting CXX compiler ABI info
[0.749s] -- Detecting CXX compiler ABI info - done
[0.771s] -- Check for working CXX compiler: /usr/bin/c++ - skipped
[0.772s] -- Detecting CXX compile features
[0.773s] -- Detecting CXX compile features - done
[0.805s] -- Found ament_cmake: 1.3.11 (/opt/ros/humble/share/ament_cmake/cmake)
[1.754s] -- Found Python3: /usr/bin/python3 (found version "3.10.12") found components: Interpreter 
[2.124s] -- Found ament_lint_auto: 0.12.12 (/opt/ros/humble/share/ament_lint_auto/cmake)
[2.408s] -- Added test 'lint_cmake' to check CMake code style
[2.413s] -- Added test 'xmllint' to check XML markup files
[2.420s] -- Configuring done
[2.426s] -- Generating done
[2.429s] -- Build files have been written to: /home/hiwi/devel_ana/carto_ws/build/spot_cartographer
[2.441s] Invoked command in '/home/hiwi/devel_ana/carto_ws/build/spot_cartographer' returned '0': CMAKE_PREFIX_PATH=${CMAKE_PREFIX_PATH}:/home/hiwi/ws_moveit2/install/moveit_configs_utils:/home/hiwi/devel_ana/ros2_ws/install/talk_listen:/home/hiwi/devel_ana/ros2_ws/install/mqtt_test:/opt/ros/humble /usr/bin/cmake /home/hiwi/devel_ana/carto_ws/src/spot_cartographer -DCMAKE_INSTALL_PREFIX=/home/hiwi/devel_ana/carto_ws/install/spot_cartographer
[2.444s] Invoking command in '/home/hiwi/devel_ana/carto_ws/build/spot_cartographer': CMAKE_PREFIX_PATH=${CMAKE_PREFIX_PATH}:/home/hiwi/ws_moveit2/install/moveit_configs_utils:/home/hiwi/devel_ana/ros2_ws/install/talk_listen:/home/hiwi/devel_ana/ros2_ws/install/mqtt_test:/opt/ros/humble /usr/bin/cmake --build /home/hiwi/devel_ana/carto_ws/build/spot_cartographer -- -j8 -l8
[2.546s] Invoked command in '/home/hiwi/devel_ana/carto_ws/build/spot_cartographer' returned '0': CMAKE_PREFIX_PATH=${CMAKE_PREFIX_PATH}:/home/hiwi/ws_moveit2/install/moveit_configs_utils:/home/hiwi/devel_ana/ros2_ws/install/talk_listen:/home/hiwi/devel_ana/ros2_ws/install/mqtt_test:/opt/ros/humble /usr/bin/cmake --build /home/hiwi/devel_ana/carto_ws/build/spot_cartographer -- -j8 -l8
[2.574s] Invoking command in '/home/hiwi/devel_ana/carto_ws/build/spot_cartographer': CMAKE_PREFIX_PATH=${CMAKE_PREFIX_PATH}:/home/hiwi/ws_moveit2/install/moveit_configs_utils:/home/hiwi/devel_ana/ros2_ws/install/talk_listen:/home/hiwi/devel_ana/ros2_ws/install/mqtt_test:/opt/ros/humble /usr/bin/cmake --install /home/hiwi/devel_ana/carto_ws/build/spot_cartographer
[2.592s] -- Install configuration: ""
[2.592s] -- Installing: /home/hiwi/devel_ana/carto_ws/install/spot_cartographer/share/ament_index/resource_index/package_run_dependencies/spot_cartographer
[2.593s] -- Installing: /home/hiwi/devel_ana/carto_ws/install/spot_cartographer/share/ament_index/resource_index/parent_prefix_path/spot_cartographer
[2.593s] -- Installing: /home/hiwi/devel_ana/carto_ws/install/spot_cartographer/share/spot_cartographer/environment/ament_prefix_path.sh
[2.593s] -- Installing: /home/hiwi/devel_ana/carto_ws/install/spot_cartographer/share/spot_cartographer/environment/ament_prefix_path.dsv
[2.593s] -- Installing: /home/hiwi/devel_ana/carto_ws/install/spot_cartographer/share/spot_cartographer/environment/path.sh
[2.594s] -- Installing: /home/hiwi/devel_ana/carto_ws/install/spot_cartographer/share/spot_cartographer/environment/path.dsv
[2.594s] -- Installing: /home/hiwi/devel_ana/carto_ws/install/spot_cartographer/share/spot_cartographer/local_setup.bash
[2.594s] -- Installing: /home/hiwi/devel_ana/carto_ws/install/spot_cartographer/share/spot_cartographer/local_setup.sh
[2.595s] -- Installing: /home/hiwi/devel_ana/carto_ws/install/spot_cartographer/share/spot_cartographer/local_setup.zsh
[2.595s] -- Installing: /home/hiwi/devel_ana/carto_ws/install/spot_cartographer/share/spot_cartographer/local_setup.dsv
[2.595s] -- Installing: /home/hiwi/devel_ana/carto_ws/install/spot_cartographer/share/spot_cartographer/package.dsv
[2.595s] -- Installing: /home/hiwi/devel_ana/carto_ws/install/spot_cartographer/share/ament_index/resource_index/packages/spot_cartographer
[2.596s] -- Installing: /home/hiwi/devel_ana/carto_ws/install/spot_cartographer/share/spot_cartographer/cmake/spot_cartographerConfig.cmake
[2.596s] -- Installing: /home/hiwi/devel_ana/carto_ws/install/spot_cartographer/share/spot_cartographer/cmake/spot_cartographerConfig-version.cmake
[2.596s] -- Installing: /home/hiwi/devel_ana/carto_ws/install/spot_cartographer/share/spot_cartographer/package.xml
[2.601s] Invoked command in '/home/hiwi/devel_ana/carto_ws/build/spot_cartographer' returned '0': CMAKE_PREFIX_PATH=${CMAKE_PREFIX_PATH}:/home/hiwi/ws_moveit2/install/moveit_configs_utils:/home/hiwi/devel_ana/ros2_ws/install/talk_listen:/home/hiwi/devel_ana/ros2_ws/install/mqtt_test:/opt/ros/humble /usr/bin/cmake --install /home/hiwi/devel_ana/carto_ws/build/spot_cartographer
